2023-08-03 11:27:40,134 [1] INFO  Microsoft.Hosting.Lifetime - Now listening on: http://localhost:5049
2023-08-03 11:27:40,144 [1] INFO  Microsoft.Hosting.Lifetime - Application started. Press Ctrl+C to shut down.
2023-08-03 11:27:40,145 [1] INFO  Microsoft.Hosting.Lifetime - Hosting environment: Development
2023-08-03 11:27:40,145 [1] INFO  Microsoft.Hosting.Lifetime - Content root path: P:\C#\BookStore\BookStore
2023-08-03 11:27:40,463 [.NET ThreadPool Worker] INFO  Microsoft.AspNetCore.Hosting.Diagnostics - Request starting HTTP/1.1 GET http://localhost:5049/swagger/index.html - -
2023-08-03 11:27:40,644 [.NET ThreadPool Worker] INFO  Microsoft.AspNetCore.Hosting.Diagnostics - Request finished HTTP/1.1 GET http://localhost:5049/swagger/index.html - - - 200 - text/html;charset=utf-8 183.8812ms
2023-08-03 11:27:40,766 [.NET ThreadPool Worker] INFO  Microsoft.AspNetCore.Hosting.Diagnostics - Request starting HTTP/1.1 GET http://localhost:5049/swagger/v1/swagger.json - -
2023-08-03 11:27:40,930 [.NET ThreadPool Worker] INFO  Microsoft.AspNetCore.Hosting.Diagnostics - Request finished HTTP/1.1 GET http://localhost:5049/swagger/v1/swagger.json - - - 200 - application/json;charset=utf-8 163.7034ms
2023-08-03 11:27:45,202 [.NET ThreadPool Worker] INFO  Microsoft.AspNetCore.Hosting.Diagnostics - Request starting HTTP/1.1 GET http://localhost:5049/book/list - -
2023-08-03 11:27:45,208 [.NET ThreadPool Worker] WARN  Microsoft.AspNetCore.HttpsPolicy.HttpsRedirectionMiddleware - Failed to determine the https port for redirect.
2023-08-03 11:27:45,212 [.NET ThreadPool Worker] INFO  Microsoft.AspNetCore.Routing.EndpointMiddleware - Executing endpoint 'BookStore.Controllers.BookController.GetAllBooksAsync (BookStore)'
2023-08-03 11:27:45,228 [.NET ThreadPool Worker] INFO  Microsoft.AspNetCore.Mvc.Infrastructure.ControllerActionInvoker - Route matched with {action = "GetAllBooks", controller = "Book"}. Executing controller action with signature System.Threading.Tasks.Task`1[Microsoft.AspNetCore.Mvc.IActionResult] GetAllBooksAsync() on controller BookStore.Controllers.BookController (BookStore).
2023-08-03 11:27:45,369 [.NET ThreadPool Worker] INFO  BookStore.Controllers.BookController - List Books
2023-08-03 11:27:46,857 [.NET ThreadPool Worker] INFO  Microsoft.EntityFrameworkCore.Database.Command - Executed DbCommand (29ms) [Parameters=[], CommandType='Text', CommandTimeout='30']
SELECT b."Id", b."AuthorId", b."CreatedAt", b."Description", b."ImagePath", b."Title", t."BooksId", t."GenresId", t."Id", t."Name"
FROM "Books" AS b
LEFT JOIN (
    SELECT b0."BooksId", b0."GenresId", g."Id", g."Name"
    FROM "BookGenre" AS b0
    INNER JOIN "Genres" AS g ON b0."GenresId" = g."Id"
) AS t ON b."Id" = t."BooksId"
ORDER BY b."Id", t."BooksId", t."GenresId"
2023-08-03 11:27:47,055 [.NET ThreadPool Worker] INFO  Microsoft.AspNetCore.Mvc.Infrastructure.ObjectResultExecutor - Executing OkObjectResult, writing value of type 'BookStore.Domain.Response.BaseResponse`1[[System.Collections.Generic.List`1[[BookStore.Domain.Entity.Book, BookStore.Domain, Version=1.0.0.0, Culture=neutral, PublicKeyToken=null]], System.Private.CoreLib, Version=7.0.0.0, Culture=neutral, PublicKeyToken=7cec85d7bea7798e]]'.
2023-08-03 11:27:47,084 [.NET ThreadPool Worker] INFO  Microsoft.AspNetCore.Mvc.Infrastructure.ControllerActionInvoker - Executed action BookStore.Controllers.BookController.GetAllBooksAsync (BookStore) in 1850.075ms
2023-08-03 11:27:47,085 [.NET ThreadPool Worker] INFO  Microsoft.AspNetCore.Routing.EndpointMiddleware - Executed endpoint 'BookStore.Controllers.BookController.GetAllBooksAsync (BookStore)'
2023-08-03 11:27:47,095 [.NET ThreadPool Worker] INFO  Microsoft.AspNetCore.Hosting.Diagnostics - Request finished HTTP/1.1 GET http://localhost:5049/book/list - - - 200 - application/json;+charset=utf-8 1893.4257ms
2023-08-03 11:34:14,933 [16] INFO  Microsoft.Hosting.Lifetime - Application is shutting down...
