2023-08-03 14:38:51,389 [21] INFO  Microsoft.Hosting.Lifetime - Application is shutting down...
2023-08-03 14:38:58,021 [1] INFO  Microsoft.Hosting.Lifetime - Now listening on: http://localhost:5049
2023-08-03 14:38:58,039 [1] INFO  Microsoft.Hosting.Lifetime - Application started. Press Ctrl+C to shut down.
2023-08-03 14:38:58,040 [1] INFO  Microsoft.Hosting.Lifetime - Hosting environment: Development
2023-08-03 14:38:58,040 [1] INFO  Microsoft.Hosting.Lifetime - Content root path: P:\C#\BookStore\BookStore
2023-08-03 14:38:58,274 [.NET ThreadPool Worker] INFO  Microsoft.AspNetCore.Hosting.Diagnostics - Request starting HTTP/1.1 GET http://localhost:5049/swagger/index.html - -
2023-08-03 14:38:58,550 [.NET ThreadPool Worker] INFO  Microsoft.AspNetCore.Hosting.Diagnostics - Request finished HTTP/1.1 GET http://localhost:5049/swagger/index.html - - - 200 - text/html;charset=utf-8 281.4474ms
2023-08-03 14:38:58,682 [.NET ThreadPool Worker] INFO  Microsoft.AspNetCore.Hosting.Diagnostics - Request starting HTTP/1.1 GET http://localhost:5049/swagger/v1/swagger.json - -
2023-08-03 14:38:58,996 [.NET ThreadPool Worker] INFO  Microsoft.AspNetCore.Hosting.Diagnostics - Request finished HTTP/1.1 GET http://localhost:5049/swagger/v1/swagger.json - - - 200 - application/json;charset=utf-8 313.4580ms
2023-08-03 14:39:03,469 [.NET ThreadPool Worker] INFO  Microsoft.AspNetCore.Hosting.Diagnostics - Request starting HTTP/1.1 GET http://localhost:5049/author/list - -
2023-08-03 14:39:03,492 [.NET ThreadPool Worker] WARN  Microsoft.AspNetCore.HttpsPolicy.HttpsRedirectionMiddleware - Failed to determine the https port for redirect.
2023-08-03 14:39:03,504 [.NET ThreadPool Worker] INFO  Microsoft.AspNetCore.Routing.EndpointMiddleware - Executing endpoint 'BookStore.Controllers.AuthorController.GetAllAuthorsAsync (BookStore)'
2023-08-03 14:39:03,581 [.NET ThreadPool Worker] INFO  Microsoft.AspNetCore.Mvc.Infrastructure.ControllerActionInvoker - Route matched with {action = "GetAllAuthors", controller = "Author"}. Executing controller action with signature System.Threading.Tasks.Task`1[Microsoft.AspNetCore.Mvc.IActionResult] GetAllAuthorsAsync() on controller BookStore.Controllers.AuthorController (BookStore).
2023-08-03 14:39:04,226 [.NET ThreadPool Worker] INFO  BookStore.DAL.Repositories.AuthorRepository - 0HMSK0LR1O00A:00000003 - Nma gaaaaap
2023-08-03 14:39:05,857 [.NET ThreadPool Worker] INFO  Microsoft.EntityFrameworkCore.Database.Command - Executed DbCommand (38ms) [Parameters=[], CommandType='Text', CommandTimeout='30']
SELECT a."Id", a."Age", a."Firstname", a."Lastname"
FROM "Authors" AS a
2023-08-03 14:39:05,984 [.NET ThreadPool Worker] INFO  Microsoft.AspNetCore.Mvc.Infrastructure.ObjectResultExecutor - Executing OkObjectResult, writing value of type 'BookStore.Domain.Response.BaseResponse`1[[System.Collections.Generic.List`1[[BookStore.Domain.Entity.Author, BookStore.Domain, Version=1.0.0.0, Culture=neutral, PublicKeyToken=null]], System.Private.CoreLib, Version=7.0.0.0, Culture=neutral, PublicKeyToken=7cec85d7bea7798e]]'.
2023-08-03 14:39:06,008 [.NET ThreadPool Worker] INFO  Microsoft.AspNetCore.Mvc.Infrastructure.ControllerActionInvoker - Executed action BookStore.Controllers.AuthorController.GetAllAuthorsAsync (BookStore) in 2418.5675ms
2023-08-03 14:39:06,009 [.NET ThreadPool Worker] INFO  Microsoft.AspNetCore.Routing.EndpointMiddleware - Executed endpoint 'BookStore.Controllers.AuthorController.GetAllAuthorsAsync (BookStore)'
2023-08-03 14:39:06,023 [.NET ThreadPool Worker] INFO  Microsoft.AspNetCore.Hosting.Diagnostics - Request finished HTTP/1.1 GET http://localhost:5049/author/list - - - 200 - application/json;+charset=utf-8 2553.5339ms
2023-08-03 14:40:05,987 [16] INFO  Microsoft.Hosting.Lifetime - Application is shutting down...
2023-08-03 14:40:15,345 [1] INFO  Microsoft.Hosting.Lifetime - Now listening on: http://localhost:5049
2023-08-03 14:40:15,360 [1] INFO  Microsoft.Hosting.Lifetime - Application started. Press Ctrl+C to shut down.
2023-08-03 14:40:15,361 [1] INFO  Microsoft.Hosting.Lifetime - Hosting environment: Development
2023-08-03 14:40:15,361 [1] INFO  Microsoft.Hosting.Lifetime - Content root path: P:\C#\BookStore\BookStore
2023-08-03 14:40:15,894 [.NET ThreadPool Worker] INFO  Microsoft.AspNetCore.Hosting.Diagnostics - Request starting HTTP/1.1 GET http://localhost:5049/swagger/index.html - -
2023-08-03 14:40:16,197 [.NET ThreadPool Worker] INFO  Microsoft.AspNetCore.Hosting.Diagnostics - Request finished HTTP/1.1 GET http://localhost:5049/swagger/index.html - - - 200 - text/html;charset=utf-8 310.7470ms
2023-08-03 14:40:16,337 [.NET ThreadPool Worker] INFO  Microsoft.AspNetCore.Hosting.Diagnostics - Request starting HTTP/1.1 GET http://localhost:5049/swagger/v1/swagger.json - -
2023-08-03 14:40:16,563 [.NET ThreadPool Worker] INFO  Microsoft.AspNetCore.Hosting.Diagnostics - Request finished HTTP/1.1 GET http://localhost:5049/swagger/v1/swagger.json - - - 200 - application/json;charset=utf-8 226.3231ms
2023-08-03 14:40:21,066 [.NET ThreadPool Worker] INFO  Microsoft.AspNetCore.Hosting.Diagnostics - Request starting HTTP/1.1 GET http://localhost:5049/author/list - -
2023-08-03 14:40:21,091 [.NET ThreadPool Worker] WARN  Microsoft.AspNetCore.HttpsPolicy.HttpsRedirectionMiddleware - Failed to determine the https port for redirect.
2023-08-03 14:40:21,108 [.NET ThreadPool Worker] INFO  Microsoft.AspNetCore.Routing.EndpointMiddleware - Executing endpoint 'BookStore.Controllers.AuthorController.GetAllAuthorsAsync (BookStore)'
2023-08-03 14:40:21,180 [.NET ThreadPool Worker] INFO  Microsoft.AspNetCore.Mvc.Infrastructure.ControllerActionInvoker - Route matched with {action = "GetAllAuthors", controller = "Author"}. Executing controller action with signature System.Threading.Tasks.Task`1[Microsoft.AspNetCore.Mvc.IActionResult] GetAllAuthorsAsync() on controller BookStore.Controllers.AuthorController (BookStore).
2023-08-03 14:40:21,626 [.NET ThreadPool Worker] INFO  BookStore.DAL.Repositories.AuthorRepository - 0HMSK0MI4HFJ4:00000003 - Nma gaaaaap
2023-08-03 14:40:23,393 [.NET ThreadPool Worker] INFO  Microsoft.EntityFrameworkCore.Database.Command - Executed DbCommand (39ms) [Parameters=[], CommandType='Text', CommandTimeout='30']
SELECT a."Id", a."Age", a."Firstname", a."Lastname"
FROM "Authors" AS a
2023-08-03 14:40:23,519 [.NET ThreadPool Worker] INFO  Microsoft.AspNetCore.Mvc.Infrastructure.ObjectResultExecutor - Executing OkObjectResult, writing value of type 'BookStore.Domain.Response.BaseResponse`1[[System.Collections.Generic.List`1[[BookStore.Domain.Entity.Author, BookStore.Domain, Version=1.0.0.0, Culture=neutral, PublicKeyToken=null]], System.Private.CoreLib, Version=7.0.0.0, Culture=neutral, PublicKeyToken=7cec85d7bea7798e]]'.
2023-08-03 14:40:23,555 [.NET ThreadPool Worker] INFO  Microsoft.AspNetCore.Mvc.Infrastructure.ControllerActionInvoker - Executed action BookStore.Controllers.AuthorController.GetAllAuthorsAsync (BookStore) in 2363.6097ms
2023-08-03 14:40:23,555 [.NET ThreadPool Worker] INFO  Microsoft.AspNetCore.Routing.EndpointMiddleware - Executed endpoint 'BookStore.Controllers.AuthorController.GetAllAuthorsAsync (BookStore)'
2023-08-03 14:40:23,578 [.NET ThreadPool Worker] INFO  Microsoft.AspNetCore.Hosting.Diagnostics - Request finished HTTP/1.1 GET http://localhost:5049/author/list - - - 200 - application/json;+charset=utf-8 2512.3342ms
2023-08-03 14:41:01,714 [3] INFO  Microsoft.Hosting.Lifetime - Application is shutting down...
2023-08-03 14:41:09,287 [1] INFO  Microsoft.Hosting.Lifetime - Now listening on: http://localhost:5049
2023-08-03 14:41:09,301 [1] INFO  Microsoft.Hosting.Lifetime - Application started. Press Ctrl+C to shut down.
2023-08-03 14:41:09,302 [1] INFO  Microsoft.Hosting.Lifetime - Hosting environment: Development
2023-08-03 14:41:09,302 [1] INFO  Microsoft.Hosting.Lifetime - Content root path: P:\C#\BookStore\BookStore
2023-08-03 14:41:09,714 [.NET ThreadPool Worker] INFO  Microsoft.AspNetCore.Hosting.Diagnostics - Request starting HTTP/1.1 GET http://localhost:5049/swagger/index.html - -
2023-08-03 14:41:09,921 [.NET ThreadPool Worker] INFO  Microsoft.AspNetCore.Hosting.Diagnostics - Request finished HTTP/1.1 GET http://localhost:5049/swagger/index.html - - - 200 - text/html;charset=utf-8 211.4033ms
2023-08-03 14:41:10,046 [.NET ThreadPool Worker] INFO  Microsoft.AspNetCore.Hosting.Diagnostics - Request starting HTTP/1.1 GET http://localhost:5049/swagger/v1/swagger.json - -
2023-08-03 14:41:10,217 [.NET ThreadPool Worker] INFO  Microsoft.AspNetCore.Hosting.Diagnostics - Request finished HTTP/1.1 GET http://localhost:5049/swagger/v1/swagger.json - - - 200 - application/json;charset=utf-8 171.3178ms
2023-08-03 14:41:16,954 [.NET ThreadPool Worker] INFO  Microsoft.AspNetCore.Hosting.Diagnostics - Request starting HTTP/1.1 GET http://localhost:5049/author/list - -
2023-08-03 14:41:16,977 [.NET ThreadPool Worker] WARN  Microsoft.AspNetCore.HttpsPolicy.HttpsRedirectionMiddleware - Failed to determine the https port for redirect.
2023-08-03 14:41:16,992 [.NET ThreadPool Worker] INFO  Microsoft.AspNetCore.Routing.EndpointMiddleware - Executing endpoint 'BookStore.Controllers.AuthorController.GetAllAuthorsAsync (BookStore)'
2023-08-03 14:41:17,085 [.NET ThreadPool Worker] INFO  Microsoft.AspNetCore.Mvc.Infrastructure.ControllerActionInvoker - Route matched with {action = "GetAllAuthors", controller = "Author"}. Executing controller action with signature System.Threading.Tasks.Task`1[Microsoft.AspNetCore.Mvc.IActionResult] GetAllAuthorsAsync() on controller BookStore.Controllers.AuthorController (BookStore).
2023-08-03 14:41:17,820 [.NET ThreadPool Worker] INFO  BookStore.DAL.Repositories.AuthorRepository - 0HMSK0N26PE08:00000001 - Nma gaaaaap
2023-08-03 14:41:19,957 [.NET ThreadPool Worker] INFO  Microsoft.EntityFrameworkCore.Database.Command - Executed DbCommand (42ms) [Parameters=[], CommandType='Text', CommandTimeout='30']
SELECT a."Id", a."Age", a."Firstname", a."Lastname"
FROM "Authors" AS a
2023-08-03 14:41:20,184 [.NET ThreadPool Worker] INFO  Microsoft.AspNetCore.Mvc.Infrastructure.ObjectResultExecutor - Executing OkObjectResult, writing value of type 'BookStore.Domain.Response.BaseResponse`1[[System.Collections.Generic.List`1[[BookStore.Domain.Entity.Author, BookStore.Domain, Version=1.0.0.0, Culture=neutral, PublicKeyToken=null]], System.Private.CoreLib, Version=7.0.0.0, Culture=neutral, PublicKeyToken=7cec85d7bea7798e]]'.
2023-08-03 14:41:20,223 [.NET ThreadPool Worker] INFO  Microsoft.AspNetCore.Mvc.Infrastructure.ControllerActionInvoker - Executed action BookStore.Controllers.AuthorController.GetAllAuthorsAsync (BookStore) in 3128.8118ms
2023-08-03 14:41:20,223 [.NET ThreadPool Worker] INFO  Microsoft.AspNetCore.Routing.EndpointMiddleware - Executed endpoint 'BookStore.Controllers.AuthorController.GetAllAuthorsAsync (BookStore)'
2023-08-03 14:41:20,241 [.NET ThreadPool Worker] INFO  Microsoft.AspNetCore.Hosting.Diagnostics - Request finished HTTP/1.1 GET http://localhost:5049/author/list - - - 200 - application/json;+charset=utf-8 3286.5692ms
2023-08-03 14:41:30,262 [.NET ThreadPool Worker] INFO  Microsoft.AspNetCore.Hosting.Diagnostics - Request starting HTTP/1.1 GET http://localhost:5049/book/list - -
2023-08-03 14:41:30,267 [.NET ThreadPool Worker] INFO  Microsoft.AspNetCore.Routing.EndpointMiddleware - Executing endpoint 'BookStore.Controllers.BookController.GetAllBooksAsync (BookStore)'
2023-08-03 14:41:30,288 [.NET ThreadPool Worker] INFO  Microsoft.AspNetCore.Mvc.Infrastructure.ControllerActionInvoker - Route matched with {action = "GetAllBooks", controller = "Book"}. Executing controller action with signature System.Threading.Tasks.Task`1[Microsoft.AspNetCore.Mvc.IActionResult] GetAllBooksAsync() on controller BookStore.Controllers.BookController (BookStore).
2023-08-03 14:41:30,302 [.NET ThreadPool Worker] INFO  BookStore.Controllers.BookController - List Books
2023-08-03 14:41:31,292 [.NET ThreadPool Worker] INFO  Microsoft.EntityFrameworkCore.Database.Command - Executed DbCommand (9ms) [Parameters=[], CommandType='Text', CommandTimeout='30']
SELECT b."Id", b."AuthorId", b."CreatedAt", b."Description", b."ImagePath", b."Title", t."BooksId", t."GenresId", t."Id", t."Name"
FROM "Books" AS b
LEFT JOIN (
    SELECT b0."BooksId", b0."GenresId", g."Id", g."Name"
    FROM "BookGenre" AS b0
    INNER JOIN "Genres" AS g ON b0."GenresId" = g."Id"
) AS t ON b."Id" = t."BooksId"
ORDER BY b."Id", t."BooksId", t."GenresId"
2023-08-03 14:41:31,391 [.NET ThreadPool Worker] INFO  Microsoft.AspNetCore.Mvc.Infrastructure.ObjectResultExecutor - Executing OkObjectResult, writing value of type 'BookStore.Domain.Response.BaseResponse`1[[System.Collections.Generic.List`1[[BookStore.Domain.Entity.Book, BookStore.Domain, Version=1.0.0.0, Culture=neutral, PublicKeyToken=null]], System.Private.CoreLib, Version=7.0.0.0, Culture=neutral, PublicKeyToken=7cec85d7bea7798e]]'.
2023-08-03 14:41:31,450 [.NET ThreadPool Worker] INFO  Microsoft.AspNetCore.Mvc.Infrastructure.ControllerActionInvoker - Executed action BookStore.Controllers.BookController.GetAllBooksAsync (BookStore) in 1160.4763ms
2023-08-03 14:41:31,451 [.NET ThreadPool Worker] INFO  Microsoft.AspNetCore.Routing.EndpointMiddleware - Executed endpoint 'BookStore.Controllers.BookController.GetAllBooksAsync (BookStore)'
2023-08-03 14:41:31,453 [.NET ThreadPool Worker] INFO  Microsoft.AspNetCore.Hosting.Diagnostics - Request finished HTTP/1.1 GET http://localhost:5049/book/list - - - 200 - application/json;+charset=utf-8 1190.5400ms
2023-08-03 14:47:59,031 [15] INFO  Microsoft.Hosting.Lifetime - Application is shutting down...
2023-08-03 14:48:08,037 [1] INFO  Microsoft.Hosting.Lifetime - Now listening on: http://localhost:5049
2023-08-03 14:48:08,053 [1] INFO  Microsoft.Hosting.Lifetime - Application started. Press Ctrl+C to shut down.
2023-08-03 14:48:08,053 [1] INFO  Microsoft.Hosting.Lifetime - Hosting environment: Development
2023-08-03 14:48:08,054 [1] INFO  Microsoft.Hosting.Lifetime - Content root path: P:\C#\BookStore\BookStore
2023-08-03 14:48:08,372 [.NET ThreadPool Worker] INFO  Microsoft.AspNetCore.Hosting.Diagnostics - Request starting HTTP/1.1 GET http://localhost:5049/swagger/index.html - -
2023-08-03 14:48:08,639 [.NET ThreadPool Worker] INFO  Microsoft.AspNetCore.Hosting.Diagnostics - Request finished HTTP/1.1 GET http://localhost:5049/swagger/index.html - - - 200 - text/html;charset=utf-8 273.0984ms
2023-08-03 14:48:08,794 [.NET ThreadPool Worker] INFO  Microsoft.AspNetCore.Hosting.Diagnostics - Request starting HTTP/1.1 GET http://localhost:5049/swagger/v1/swagger.json - -
2023-08-03 14:48:08,954 [.NET ThreadPool Worker] INFO  Microsoft.AspNetCore.Hosting.Diagnostics - Request finished HTTP/1.1 GET http://localhost:5049/swagger/v1/swagger.json - - - 200 - application/json;charset=utf-8 160.5670ms
2023-08-03 14:48:13,193 [.NET ThreadPool Worker] INFO  Microsoft.AspNetCore.Hosting.Diagnostics - Request starting HTTP/1.1 GET http://localhost:5049/author/list - -
2023-08-03 14:48:13,217 [.NET ThreadPool Worker] WARN  Microsoft.AspNetCore.HttpsPolicy.HttpsRedirectionMiddleware - Failed to determine the https port for redirect.
2023-08-03 14:48:13,227 [.NET ThreadPool Worker] INFO  Microsoft.AspNetCore.Routing.EndpointMiddleware - Executing endpoint 'BookStore.Controllers.AuthorController.GetAllAuthorsAsync (BookStore)'
2023-08-03 14:48:13,318 [.NET ThreadPool Worker] INFO  Microsoft.AspNetCore.Mvc.Infrastructure.ControllerActionInvoker - Route matched with {action = "GetAllAuthors", controller = "Author"}. Executing controller action with signature System.Threading.Tasks.Task`1[Microsoft.AspNetCore.Mvc.IActionResult] GetAllAuthorsAsync() on controller BookStore.Controllers.AuthorController (BookStore).
2023-08-03 14:48:13,844 [.NET ThreadPool Worker] INFO  BookStore.Controllers.AuthorController - 0HMSK0QUVORE0:00000003 - Method: GetAllAuthorsAsync
2023-08-03 14:48:13,847 [.NET ThreadPool Worker] INFO  BookStore.Service.Implementations.AuthorService - 0HMSK0QUVORE0:00000003 - Method: ListService
2023-08-03 14:48:13,848 [.NET ThreadPool Worker] INFO  BookStore.DAL.Repositories.AuthorRepository - 0HMSK0QUVORE0:00000003 - Method: GetAll
2023-08-03 14:48:15,626 [.NET ThreadPool Worker] INFO  Microsoft.EntityFrameworkCore.Database.Command - Executed DbCommand (35ms) [Parameters=[], CommandType='Text', CommandTimeout='30']
SELECT a."Id", a."Age", a."Firstname", a."Lastname"
FROM "Authors" AS a
2023-08-03 14:48:15,771 [.NET ThreadPool Worker] INFO  Microsoft.AspNetCore.Mvc.Infrastructure.ObjectResultExecutor - Executing OkObjectResult, writing value of type 'BookStore.Domain.Response.BaseResponse`1[[System.Collections.Generic.List`1[[BookStore.Domain.Entity.Author, BookStore.Domain, Version=1.0.0.0, Culture=neutral, PublicKeyToken=null]], System.Private.CoreLib, Version=7.0.0.0, Culture=neutral, PublicKeyToken=7cec85d7bea7798e]]'.
2023-08-03 14:48:15,800 [.NET ThreadPool Worker] INFO  Microsoft.AspNetCore.Mvc.Infrastructure.ControllerActionInvoker - Executed action BookStore.Controllers.AuthorController.GetAllAuthorsAsync (BookStore) in 2473.2719ms
2023-08-03 14:48:15,800 [.NET ThreadPool Worker] INFO  Microsoft.AspNetCore.Routing.EndpointMiddleware - Executed endpoint 'BookStore.Controllers.AuthorController.GetAllAuthorsAsync (BookStore)'
2023-08-03 14:48:15,816 [.NET ThreadPool Worker] INFO  Microsoft.AspNetCore.Hosting.Diagnostics - Request finished HTTP/1.1 GET http://localhost:5049/author/list - - - 200 - application/json;+charset=utf-8 2622.8522ms
2023-08-03 14:51:45,992 [.NET ThreadPool Worker] INFO  Microsoft.AspNetCore.Hosting.Diagnostics - Request starting HTTP/1.1 GET http://localhost:5049/swagger/index.html - -
2023-08-03 14:51:46,272 [.NET ThreadPool Worker] INFO  Microsoft.AspNetCore.Hosting.Diagnostics - Request finished HTTP/1.1 GET http://localhost:5049/swagger/index.html - - - 200 - text/html;charset=utf-8 285.0332ms
2023-08-03 14:51:46,413 [.NET ThreadPool Worker] INFO  Microsoft.AspNetCore.Hosting.Diagnostics - Request starting HTTP/1.1 GET http://localhost:5049/swagger/v1/swagger.json - -
2023-08-03 14:51:46,574 [.NET ThreadPool Worker] INFO  Microsoft.AspNetCore.Hosting.Diagnostics - Request finished HTTP/1.1 GET http://localhost:5049/swagger/v1/swagger.json - - - 200 - application/json;charset=utf-8 160.8553ms
2023-08-03 14:51:52,457 [.NET ThreadPool Worker] INFO  Microsoft.AspNetCore.Hosting.Diagnostics - Request starting HTTP/1.1 GET http://localhost:5049/author/list - -
2023-08-03 14:51:52,483 [.NET ThreadPool Worker] WARN  Microsoft.AspNetCore.HttpsPolicy.HttpsRedirectionMiddleware - Failed to determine the https port for redirect.
2023-08-03 14:51:52,504 [.NET ThreadPool Worker] INFO  Microsoft.AspNetCore.Routing.EndpointMiddleware - Executing endpoint 'BookStore.Controllers.AuthorController.GetAllAuthorsAsync (BookStore)'
2023-08-03 14:51:52,574 [.NET ThreadPool Worker] INFO  Microsoft.AspNetCore.Mvc.Infrastructure.ControllerActionInvoker - Route matched with {action = "GetAllAuthors", controller = "Author"}. Executing controller action with signature System.Threading.Tasks.Task`1[Microsoft.AspNetCore.Mvc.IActionResult] GetAllAuthorsAsync() on controller BookStore.Controllers.AuthorController (BookStore).
2023-08-03 14:51:54,961 [.NET ThreadPool Worker] INFO  Microsoft.AspNetCore.Mvc.Infrastructure.ObjectResultExecutor - Executing OkObjectResult, writing value of type 'BookStore.Domain.Response.BaseResponse`1[[System.Collections.Generic.List`1[[BookStore.Domain.Entity.Author, BookStore.Domain, Version=1.0.0.0, Culture=neutral, PublicKeyToken=null]], System.Private.CoreLib, Version=7.0.0.0, Culture=neutral, PublicKeyToken=7cec85d7bea7798e]]'.
2023-08-03 14:51:54,990 [.NET ThreadPool Worker] INFO  Microsoft.AspNetCore.Mvc.Infrastructure.ControllerActionInvoker - Executed action BookStore.Controllers.AuthorController.GetAllAuthorsAsync (BookStore) in 2408.2574ms
2023-08-03 14:51:54,991 [.NET ThreadPool Worker] INFO  Microsoft.AspNetCore.Routing.EndpointMiddleware - Executed endpoint 'BookStore.Controllers.AuthorController.GetAllAuthorsAsync (BookStore)'
2023-08-03 14:51:55,007 [.NET ThreadPool Worker] INFO  Microsoft.AspNetCore.Hosting.Diagnostics - Request finished HTTP/1.1 GET http://localhost:5049/author/list - - - 200 - application/json;+charset=utf-8 2550.5641ms
2023-08-03 14:52:15,216 [.NET ThreadPool Worker] INFO  Microsoft.AspNetCore.Hosting.Diagnostics - Request starting HTTP/1.1 GET http://localhost:5049/author/list - -
2023-08-03 14:52:15,222 [.NET ThreadPool Worker] INFO  Microsoft.AspNetCore.Routing.EndpointMiddleware - Executing endpoint 'BookStore.Controllers.AuthorController.GetAllAuthorsAsync (BookStore)'
2023-08-03 14:52:15,224 [.NET ThreadPool Worker] INFO  Microsoft.AspNetCore.Mvc.Infrastructure.ControllerActionInvoker - Route matched with {action = "GetAllAuthors", controller = "Author"}. Executing controller action with signature System.Threading.Tasks.Task`1[Microsoft.AspNetCore.Mvc.IActionResult] GetAllAuthorsAsync() on controller BookStore.Controllers.AuthorController (BookStore).
2023-08-03 14:52:15,332 [.NET ThreadPool Worker] INFO  Microsoft.AspNetCore.Mvc.Infrastructure.ObjectResultExecutor - Executing OkObjectResult, writing value of type 'BookStore.Domain.Response.BaseResponse`1[[System.Collections.Generic.List`1[[BookStore.Domain.Entity.Author, BookStore.Domain, Version=1.0.0.0, Culture=neutral, PublicKeyToken=null]], System.Private.CoreLib, Version=7.0.0.0, Culture=neutral, PublicKeyToken=7cec85d7bea7798e]]'.
2023-08-03 14:52:15,335 [.NET ThreadPool Worker] INFO  Microsoft.AspNetCore.Mvc.Infrastructure.ControllerActionInvoker - Executed action BookStore.Controllers.AuthorController.GetAllAuthorsAsync (BookStore) in 108.7308ms
2023-08-03 14:52:15,336 [.NET ThreadPool Worker] INFO  Microsoft.AspNetCore.Routing.EndpointMiddleware - Executed endpoint 'BookStore.Controllers.AuthorController.GetAllAuthorsAsync (BookStore)'
2023-08-03 14:52:15,338 [.NET ThreadPool Worker] INFO  Microsoft.AspNetCore.Hosting.Diagnostics - Request finished HTTP/1.1 GET http://localhost:5049/author/list - - - 200 - application/json;+charset=utf-8 122.4574ms
2023-08-03 14:54:01,739 [16] INFO  Microsoft.Hosting.Lifetime - Application is shutting down...
2023-08-03 14:54:08,052 [1] INFO  Microsoft.Hosting.Lifetime - Now listening on: http://localhost:5049
2023-08-03 14:54:08,096 [1] INFO  Microsoft.Hosting.Lifetime - Application started. Press Ctrl+C to shut down.
2023-08-03 14:54:08,098 [1] INFO  Microsoft.Hosting.Lifetime - Hosting environment: Development
2023-08-03 14:54:08,098 [1] INFO  Microsoft.Hosting.Lifetime - Content root path: P:\C#\BookStore\BookStore
2023-08-03 14:54:14,874 [.NET ThreadPool Worker] INFO  BookStore.Controllers.AuthorController - 0HMSK0UAD6HMH:00000003 - Method: GetAllAuthorsAsync
2023-08-03 14:54:14,880 [.NET ThreadPool Worker] INFO  BookStore.Service.Implementations.AuthorService - 0HMSK0UAD6HMH:00000003 - Method: ListService
2023-08-03 14:54:14,883 [.NET ThreadPool Worker] INFO  BookStore.DAL.Repositories.AuthorRepository - 0HMSK0UAD6HMH:00000003 - Method: GetAll
2023-08-03 14:54:16,611 [.NET ThreadPool Worker] INFO  Microsoft.EntityFrameworkCore.Database.Command - Executed DbCommand (41ms) [Parameters=[], CommandType='Text', CommandTimeout='30']
SELECT a."Id", a."Age", a."Firstname", a."Lastname"
FROM "Authors" AS a
2023-08-03 15:04:17,063 [18] INFO  Microsoft.Hosting.Lifetime - Application is shutting down...
2023-08-03 15:04:25,665 [1] INFO  Microsoft.Hosting.Lifetime - Now listening on: http://localhost:5049
2023-08-03 15:04:25,706 [1] INFO  Microsoft.Hosting.Lifetime - Application started. Press Ctrl+C to shut down.
2023-08-03 15:04:25,707 [1] INFO  Microsoft.Hosting.Lifetime - Hosting environment: Development
2023-08-03 15:04:25,708 [1] INFO  Microsoft.Hosting.Lifetime - Content root path: P:\C#\BookStore\BookStore
2023-08-03 15:04:34,878 [.NET ThreadPool Worker] INFO  BookStore.Controllers.AuthorController - 0HMSK142B22HH:00000003 - Method: GetAllAuthorsAsync
2023-08-03 15:04:34,884 [.NET ThreadPool Worker] INFO  BookStore.Service.Implementations.AuthorService - 0HMSK142B22HH:00000003 - Method: ListService
2023-08-03 15:04:34,885 [.NET ThreadPool Worker] INFO  BookStore.DAL.Repositories.AuthorRepository - 0HMSK142B22HH:00000003 - Method: GetAll
2023-08-03 15:05:52,937 [17] INFO  Microsoft.Hosting.Lifetime - Application is shutting down...
2023-08-03 15:06:05,460 [1] INFO  Microsoft.Hosting.Lifetime - Now listening on: http://localhost:5049
2023-08-03 15:06:05,486 [1] INFO  Microsoft.Hosting.Lifetime - Application started. Press Ctrl+C to shut down.
2023-08-03 15:06:05,487 [1] INFO  Microsoft.Hosting.Lifetime - Hosting environment: Development
2023-08-03 15:06:05,488 [1] INFO  Microsoft.Hosting.Lifetime - Content root path: P:\C#\BookStore\BookStore
2023-08-03 15:06:12,908 [.NET ThreadPool Worker] INFO  BookStore.Controllers.AuthorController - 0HMSK150631SL:00000001 - Method: GetAllAuthorsAsync
2023-08-03 15:06:12,916 [.NET ThreadPool Worker] INFO  BookStore.Service.Implementations.AuthorService - 0HMSK150631SL:00000001 - Method: ListService
2023-08-03 15:06:12,921 [.NET ThreadPool Worker] INFO  BookStore.DAL.Repositories.AuthorRepository - 0HMSK150631SL:00000001 - Method: GetAll
2023-08-03 15:09:22,350 [18] INFO  Microsoft.Hosting.Lifetime - Application is shutting down...
2023-08-03 15:09:29,298 [1] INFO  Microsoft.Hosting.Lifetime - Now listening on: http://localhost:5049
2023-08-03 15:09:29,314 [1] INFO  Microsoft.Hosting.Lifetime - Application started. Press Ctrl+C to shut down.
2023-08-03 15:09:29,315 [1] INFO  Microsoft.Hosting.Lifetime - Hosting environment: Development
2023-08-03 15:09:29,315 [1] INFO  Microsoft.Hosting.Lifetime - Content root path: P:\C#\BookStore\BookStore
2023-08-03 15:09:30,034 [.NET ThreadPool Worker] INFO  Microsoft.AspNetCore.HttpLogging.HttpLoggingMiddleware - Request:
Protocol: HTTP/1.1
Method: GET
Scheme: http
PathBase: 
Path: /swagger/index.html
Accept: text/html,application/xhtml+xml,application/xml;q=0.9,image/avif,image/webp,image/apng,*/*;q=0.8,application/signed-exchange;v=b3;q=0.7
Connection: keep-alive
Host: localhost:5049
User-Agent: Mozilla/5.0 (Windows NT 10.0; Win64; x64) AppleWebKit/537.36 (KHTML, like Gecko) Chrome/115.0.0.0 Safari/537.36
Accept-Encoding: gzip, deflate, br
Accept-Language: en-US,en;q=0.9,ru;q=0.8
Cookie: [Redacted]
Upgrade-Insecure-Requests: [Redacted]
Sec-Fetch-Site: [Redacted]
Sec-Fetch-Mode: [Redacted]
Sec-Fetch-User: [Redacted]
Sec-Fetch-Dest: [Redacted]
sec-ch-ua: [Redacted]
sec-ch-ua-mobile: [Redacted]
sec-ch-ua-platform: [Redacted]
2023-08-03 15:09:30,181 [.NET ThreadPool Worker] INFO  Microsoft.AspNetCore.HttpLogging.HttpLoggingMiddleware - Response:
StatusCode: 200
Content-Type: text/html;charset=utf-8
Date: Thu, 03 Aug 2023 10:09:29 GMT
Server: Kestrel
Transfer-Encoding: chunked
2023-08-03 15:09:30,308 [.NET ThreadPool Worker] INFO  Microsoft.AspNetCore.HttpLogging.HttpLoggingMiddleware - Request:
Protocol: HTTP/1.1
Method: GET
Scheme: http
PathBase: 
Path: /swagger/v1/swagger.json
Accept: application/json,*/*
Connection: keep-alive
Host: localhost:5049
User-Agent: Mozilla/5.0 (Windows NT 10.0; Win64; x64) AppleWebKit/537.36 (KHTML, like Gecko) Chrome/115.0.0.0 Safari/537.36
Accept-Encoding: gzip, deflate, br
Accept-Language: en-US,en;q=0.9,ru;q=0.8
Cookie: [Redacted]
Referer: [Redacted]
sec-ch-ua: [Redacted]
sec-ch-ua-mobile: [Redacted]
sec-ch-ua-platform: [Redacted]
Sec-Fetch-Site: [Redacted]
Sec-Fetch-Mode: [Redacted]
Sec-Fetch-Dest: [Redacted]
2023-08-03 15:09:30,487 [.NET ThreadPool Worker] INFO  Microsoft.AspNetCore.HttpLogging.HttpLoggingMiddleware - Response:
StatusCode: 200
Content-Type: application/json;charset=utf-8
Date: Thu, 03 Aug 2023 10:09:30 GMT
Server: Kestrel
Transfer-Encoding: chunked
2023-08-03 15:09:36,603 [.NET ThreadPool Worker] INFO  Microsoft.AspNetCore.HttpLogging.HttpLoggingMiddleware - Request:
Protocol: HTTP/1.1
Method: GET
Scheme: http
PathBase: 
Path: /author/list
Accept: */*
Connection: keep-alive
Host: localhost:5049
User-Agent: Mozilla/5.0 (Windows NT 10.0; Win64; x64) AppleWebKit/537.36 (KHTML, like Gecko) Chrome/115.0.0.0 Safari/537.36
Accept-Encoding: gzip, deflate, br
Accept-Language: en-US,en;q=0.9,ru;q=0.8
Cookie: [Redacted]
Referer: [Redacted]
sec-ch-ua: [Redacted]
sec-ch-ua-mobile: [Redacted]
sec-ch-ua-platform: [Redacted]
Sec-Fetch-Site: [Redacted]
Sec-Fetch-Mode: [Redacted]
Sec-Fetch-Dest: [Redacted]
2023-08-03 15:09:36,794 [.NET ThreadPool Worker] INFO  BookStore.Controllers.AuthorController - 0HMSK16STOJDP:00000003 - Method: GetAllAuthorsAsync
2023-08-03 15:09:36,798 [.NET ThreadPool Worker] INFO  BookStore.Service.Implementations.AuthorService - 0HMSK16STOJDP:00000003 - Method: ListService
2023-08-03 15:09:36,799 [.NET ThreadPool Worker] INFO  BookStore.DAL.Repositories.AuthorRepository - 0HMSK16STOJDP:00000003 - Method: GetAll
2023-08-03 15:09:38,560 [.NET ThreadPool Worker] INFO  Microsoft.AspNetCore.HttpLogging.HttpLoggingMiddleware - Response:
StatusCode: 200
Content-Type: application/json; charset=utf-8
Date: Thu, 03 Aug 2023 10:09:38 GMT
Server: Kestrel
Transfer-Encoding: chunked
2023-08-03 15:58:11,163 [22] INFO  Microsoft.Hosting.Lifetime - Application is shutting down...
2023-08-03 15:58:19,483 [1] INFO  Microsoft.Hosting.Lifetime - Now listening on: http://localhost:5049
2023-08-03 15:58:19,494 [1] INFO  Microsoft.Hosting.Lifetime - Application started. Press Ctrl+C to shut down.
2023-08-03 15:58:19,494 [1] INFO  Microsoft.Hosting.Lifetime - Hosting environment: Development
2023-08-03 15:58:19,494 [1] INFO  Microsoft.Hosting.Lifetime - Content root path: P:\C#\BookStore\BookStore
2023-08-03 15:58:20,224 [.NET ThreadPool Worker] INFO  BookStore.Middlewares.Logging.RequestResponseLoggingMiddleware - Request GET /swagger/index.html => 200
2023-08-03 15:58:20,495 [.NET ThreadPool Worker] INFO  BookStore.Middlewares.Logging.RequestResponseLoggingMiddleware - Request GET /swagger/v1/swagger.json => 200
2023-08-03 15:58:24,163 [.NET ThreadPool Worker] INFO  BookStore.Controllers.AuthorController - 0HMSK2263HU13:00000001 - Method: GetAllAuthorsAsync
2023-08-03 15:58:24,165 [.NET ThreadPool Worker] INFO  BookStore.Service.Implementations.AuthorService - 0HMSK2263HU13:00000001 - Method: ListService
2023-08-03 15:58:24,167 [.NET ThreadPool Worker] INFO  BookStore.DAL.Repositories.AuthorRepository - 0HMSK2263HU13:00000001 - Method: GetAll
2023-08-03 15:58:25,651 [.NET ThreadPool Worker] INFO  BookStore.Middlewares.Logging.RequestResponseLoggingMiddleware - Request GET /author/list => 200
2023-08-03 16:06:19,197 [.NET ThreadPool Worker] INFO  BookStore.Controllers.AuthorController - 0HMSK2263HU14:00000001 - Method: GetAllAuthorsAsync
2023-08-03 16:06:19,197 [.NET ThreadPool Worker] INFO  BookStore.Service.Implementations.AuthorService - 0HMSK2263HU14:00000001 - Method: ListService
2023-08-03 16:06:19,197 [.NET ThreadPool Worker] INFO  BookStore.DAL.Repositories.AuthorRepository - 0HMSK2263HU14:00000001 - Method: GetAll
2023-08-03 16:06:19,265 [.NET ThreadPool Worker] INFO  BookStore.Middlewares.Logging.RequestResponseLoggingMiddleware - Request GET /author/list => 200
2023-08-03 16:08:15,383 [23] INFO  Microsoft.Hosting.Lifetime - Application is shutting down...
2023-08-03 16:08:22,174 [1] INFO  Microsoft.Hosting.Lifetime - Now listening on: http://localhost:5049
2023-08-03 16:08:22,185 [1] INFO  Microsoft.Hosting.Lifetime - Application started. Press Ctrl+C to shut down.
2023-08-03 16:08:22,185 [1] INFO  Microsoft.Hosting.Lifetime - Hosting environment: Development
2023-08-03 16:08:22,186 [1] INFO  Microsoft.Hosting.Lifetime - Content root path: P:\C#\BookStore\BookStore
2023-08-03 16:08:23,033 [.NET ThreadPool Worker] INFO  BookStore.Middlewares.Logging.RequestResponseLoggingMiddleware - 0HMSK27PR3575:00000001 - Request GET - [Accept, text/html,application/xhtml+xml,application/xml;q=0.9,image/avif,image/webp,image/apng,*/*;q=0.8,application/signed-exchange;v=b3;q=0.7], [Connection, keep-alive], [Host, localhost:5049], [User-Agent, Mozilla/5.0 (Windows NT 10.0; Win64; x64) AppleWebKit/537.36 (KHTML, like Gecko) Chrome/115.0.0.0 Safari/537.36], [Accept-Encoding, gzip, deflate, br], [Accept-Language, en-US,en;q=0.9,ru;q=0.8], [Cookie, Webstorm-c120af6d=d0b2ac71-03c4-45fb-ab33-ee025a82b480; csrftoken=unqJkvRLOUp1wvu0TnjPS4Srh8M7JBru; lang=en; .AspNetCore.Antiforgery.PNrQmp_XXgg=CfDJ8DEIonLpeWhLlzlUNpoP6UsDqLnmcXtThlJc-34QIWntmsmvGm82fBPiX1oCS78v34h3NvKK18j_PkAhLP7sQQzvpJDaSd0v619aaqUp-ydNFwPJRZcoaONxhpz5hBj-o6SQZ0KvdzUBm3mbooGYDgg], [Upgrade-Insecure-Requests, 1], [Sec-Fetch-Site, none], [Sec-Fetch-Mode, navigate], [Sec-Fetch-User, ?1], [Sec-Fetch-Dest, document], [sec-ch-ua, "Not/A)Brand";v="99", "Google Chrome";v="115", "Chromium";v="115"], [sec-ch-ua-mobile, ?0], [sec-ch-ua-platform, "Windows"] - /swagger/index.html => 200
2023-08-03 16:08:23,336 [.NET ThreadPool Worker] INFO  BookStore.Middlewares.Logging.RequestResponseLoggingMiddleware - 0HMSK27PR3575:00000002 - Request GET - [Accept, application/json,*/*], [Connection, keep-alive], [Host, localhost:5049], [User-Agent, Mozilla/5.0 (Windows NT 10.0; Win64; x64) AppleWebKit/537.36 (KHTML, like Gecko) Chrome/115.0.0.0 Safari/537.36], [Accept-Encoding, gzip, deflate, br], [Accept-Language, en-US,en;q=0.9,ru;q=0.8], [Cookie, Webstorm-c120af6d=d0b2ac71-03c4-45fb-ab33-ee025a82b480; csrftoken=unqJkvRLOUp1wvu0TnjPS4Srh8M7JBru; lang=en; .AspNetCore.Antiforgery.PNrQmp_XXgg=CfDJ8DEIonLpeWhLlzlUNpoP6UsDqLnmcXtThlJc-34QIWntmsmvGm82fBPiX1oCS78v34h3NvKK18j_PkAhLP7sQQzvpJDaSd0v619aaqUp-ydNFwPJRZcoaONxhpz5hBj-o6SQZ0KvdzUBm3mbooGYDgg], [Referer, http://localhost:5049/swagger/index.html], [sec-ch-ua, "Not/A)Brand";v="99", "Google Chrome";v="115", "Chromium";v="115"], [sec-ch-ua-mobile, ?0], [sec-ch-ua-platform, "Windows"], [Sec-Fetch-Site, same-origin], [Sec-Fetch-Mode, cors], [Sec-Fetch-Dest, empty] - /swagger/v1/swagger.json => 200
2023-08-03 16:08:33,533 [.NET ThreadPool Worker] INFO  BookStore.Controllers.AuthorController - 0HMSK27PR3577:00000001 - Method: GetAllAuthorsAsync
2023-08-03 16:08:33,535 [.NET ThreadPool Worker] INFO  BookStore.Service.Implementations.AuthorService - 0HMSK27PR3577:00000001 - Method: ListService
2023-08-03 16:08:33,537 [.NET ThreadPool Worker] INFO  BookStore.DAL.Repositories.AuthorRepository - 0HMSK27PR3577:00000001 - Method: GetAll
2023-08-03 16:08:35,091 [.NET ThreadPool Worker] INFO  BookStore.Middlewares.Logging.RequestResponseLoggingMiddleware - 0HMSK27PR3577:00000001 - Request GET - [Accept, */*], [Connection, keep-alive], [Host, localhost:5049], [User-Agent, Mozilla/5.0 (Windows NT 10.0; Win64; x64) AppleWebKit/537.36 (KHTML, like Gecko) Chrome/115.0.0.0 Safari/537.36], [Accept-Encoding, gzip, deflate, br], [Accept-Language, en-US,en;q=0.9,ru;q=0.8], [Cookie, Webstorm-c120af6d=d0b2ac71-03c4-45fb-ab33-ee025a82b480; csrftoken=unqJkvRLOUp1wvu0TnjPS4Srh8M7JBru; lang=en; .AspNetCore.Antiforgery.PNrQmp_XXgg=CfDJ8DEIonLpeWhLlzlUNpoP6UsDqLnmcXtThlJc-34QIWntmsmvGm82fBPiX1oCS78v34h3NvKK18j_PkAhLP7sQQzvpJDaSd0v619aaqUp-ydNFwPJRZcoaONxhpz5hBj-o6SQZ0KvdzUBm3mbooGYDgg], [Referer, http://localhost:5049/swagger/index.html], [sec-ch-ua, "Not/A)Brand";v="99", "Google Chrome";v="115", "Chromium";v="115"], [sec-ch-ua-mobile, ?0], [sec-ch-ua-platform, "Windows"], [Sec-Fetch-Site, same-origin], [Sec-Fetch-Mode, cors], [Sec-Fetch-Dest, empty] - /author/list => 200
2023-08-03 16:10:30,323 [3] INFO  Microsoft.Hosting.Lifetime - Application is shutting down...
2023-08-03 16:10:37,495 [1] INFO  Microsoft.Hosting.Lifetime - Now listening on: http://localhost:5049
2023-08-03 16:10:37,509 [1] INFO  Microsoft.Hosting.Lifetime - Application started. Press Ctrl+C to shut down.
2023-08-03 16:10:37,509 [1] INFO  Microsoft.Hosting.Lifetime - Hosting environment: Development
2023-08-03 16:10:37,509 [1] INFO  Microsoft.Hosting.Lifetime - Content root path: P:\C#\BookStore\BookStore
2023-08-03 16:10:38,406 [.NET ThreadPool Worker] INFO  BookStore.Middlewares.Logging.RequestResponseLoggingMiddleware - 0HMSK2925FEF1:00000001 - Request GET - [Accept, text/html,application/xhtml+xml,application/xml;q=0.9,image/avif,image/webp,image/apng,*/*;q=0.8,application/signed-exchange;v=b3;q=0.7], [Connection, keep-alive], [Host, localhost:5049], [User-Agent, Mozilla/5.0 (Windows NT 10.0; Win64; x64) AppleWebKit/537.36 (KHTML, like Gecko) Chrome/115.0.0.0 Safari/537.36], [Accept-Encoding, gzip, deflate, br], [Accept-Language, en-US,en;q=0.9,ru;q=0.8], [Cookie, Webstorm-c120af6d=d0b2ac71-03c4-45fb-ab33-ee025a82b480; csrftoken=unqJkvRLOUp1wvu0TnjPS4Srh8M7JBru; lang=en; .AspNetCore.Antiforgery.PNrQmp_XXgg=CfDJ8DEIonLpeWhLlzlUNpoP6UsDqLnmcXtThlJc-34QIWntmsmvGm82fBPiX1oCS78v34h3NvKK18j_PkAhLP7sQQzvpJDaSd0v619aaqUp-ydNFwPJRZcoaONxhpz5hBj-o6SQZ0KvdzUBm3mbooGYDgg], [Upgrade-Insecure-Requests, 1], [Sec-Fetch-Site, none], [Sec-Fetch-Mode, navigate], [Sec-Fetch-User, ?1], [Sec-Fetch-Dest, document], [sec-ch-ua, "Not/A)Brand";v="99", "Google Chrome";v="115", "Chromium";v="115"], [sec-ch-ua-mobile, ?0], [sec-ch-ua-platform, "Windows"] - Microsoft.AspNetCore.Server.Kestrel.Core.Internal.Http.HttpRequestStream - /swagger/index.html => 200
2023-08-03 16:10:38,705 [.NET ThreadPool Worker] INFO  BookStore.Middlewares.Logging.RequestResponseLoggingMiddleware - 0HMSK2925FEF1:00000002 - Request GET - [Accept, application/json,*/*], [Connection, keep-alive], [Host, localhost:5049], [User-Agent, Mozilla/5.0 (Windows NT 10.0; Win64; x64) AppleWebKit/537.36 (KHTML, like Gecko) Chrome/115.0.0.0 Safari/537.36], [Accept-Encoding, gzip, deflate, br], [Accept-Language, en-US,en;q=0.9,ru;q=0.8], [Cookie, Webstorm-c120af6d=d0b2ac71-03c4-45fb-ab33-ee025a82b480; csrftoken=unqJkvRLOUp1wvu0TnjPS4Srh8M7JBru; lang=en; .AspNetCore.Antiforgery.PNrQmp_XXgg=CfDJ8DEIonLpeWhLlzlUNpoP6UsDqLnmcXtThlJc-34QIWntmsmvGm82fBPiX1oCS78v34h3NvKK18j_PkAhLP7sQQzvpJDaSd0v619aaqUp-ydNFwPJRZcoaONxhpz5hBj-o6SQZ0KvdzUBm3mbooGYDgg], [Referer, http://localhost:5049/swagger/index.html], [sec-ch-ua, "Not/A)Brand";v="99", "Google Chrome";v="115", "Chromium";v="115"], [sec-ch-ua-mobile, ?0], [sec-ch-ua-platform, "Windows"], [Sec-Fetch-Site, same-origin], [Sec-Fetch-Mode, cors], [Sec-Fetch-Dest, empty] - Microsoft.AspNetCore.Server.Kestrel.Core.Internal.Http.HttpRequestStream - /swagger/v1/swagger.json => 200
2023-08-03 16:10:41,991 [.NET ThreadPool Worker] INFO  BookStore.Controllers.AuthorController - 0HMSK2925FEF1:00000003 - Method: GetAllAuthorsAsync
2023-08-03 16:10:41,995 [.NET ThreadPool Worker] INFO  BookStore.Service.Implementations.AuthorService - 0HMSK2925FEF1:00000003 - Method: ListService
2023-08-03 16:10:41,996 [.NET ThreadPool Worker] INFO  BookStore.DAL.Repositories.AuthorRepository - 0HMSK2925FEF1:00000003 - Method: GetAll
2023-08-03 16:10:43,293 [.NET ThreadPool Worker] INFO  BookStore.Middlewares.Logging.RequestResponseLoggingMiddleware - 0HMSK2925FEF1:00000003 - Request GET - [Accept, */*], [Connection, keep-alive], [Host, localhost:5049], [User-Agent, Mozilla/5.0 (Windows NT 10.0; Win64; x64) AppleWebKit/537.36 (KHTML, like Gecko) Chrome/115.0.0.0 Safari/537.36], [Accept-Encoding, gzip, deflate, br], [Accept-Language, en-US,en;q=0.9,ru;q=0.8], [Cookie, Webstorm-c120af6d=d0b2ac71-03c4-45fb-ab33-ee025a82b480; csrftoken=unqJkvRLOUp1wvu0TnjPS4Srh8M7JBru; lang=en; .AspNetCore.Antiforgery.PNrQmp_XXgg=CfDJ8DEIonLpeWhLlzlUNpoP6UsDqLnmcXtThlJc-34QIWntmsmvGm82fBPiX1oCS78v34h3NvKK18j_PkAhLP7sQQzvpJDaSd0v619aaqUp-ydNFwPJRZcoaONxhpz5hBj-o6SQZ0KvdzUBm3mbooGYDgg], [Referer, http://localhost:5049/swagger/index.html], [sec-ch-ua, "Not/A)Brand";v="99", "Google Chrome";v="115", "Chromium";v="115"], [sec-ch-ua-mobile, ?0], [sec-ch-ua-platform, "Windows"], [Sec-Fetch-Site, same-origin], [Sec-Fetch-Mode, cors], [Sec-Fetch-Dest, empty] - Microsoft.AspNetCore.Server.Kestrel.Core.Internal.Http.HttpRequestStream - /author/list => 200
2023-08-03 16:10:44,705 [.NET ThreadPool Worker] INFO  BookStore.Controllers.AuthorController - 0HMSK2925FEF1:00000004 - Method: GetAllAuthorsAsync
2023-08-03 16:10:44,705 [.NET ThreadPool Worker] INFO  BookStore.Service.Implementations.AuthorService - 0HMSK2925FEF1:00000004 - Method: ListService
2023-08-03 16:10:44,706 [.NET ThreadPool Worker] INFO  BookStore.DAL.Repositories.AuthorRepository - 0HMSK2925FEF1:00000004 - Method: GetAll
2023-08-03 16:10:44,731 [.NET ThreadPool Worker] INFO  BookStore.Middlewares.Logging.RequestResponseLoggingMiddleware - 0HMSK2925FEF1:00000004 - Request GET - [Accept, */*], [Connection, keep-alive], [Host, localhost:5049], [User-Agent, Mozilla/5.0 (Windows NT 10.0; Win64; x64) AppleWebKit/537.36 (KHTML, like Gecko) Chrome/115.0.0.0 Safari/537.36], [Accept-Encoding, gzip, deflate, br], [Accept-Language, en-US,en;q=0.9,ru;q=0.8], [Cookie, Webstorm-c120af6d=d0b2ac71-03c4-45fb-ab33-ee025a82b480; csrftoken=unqJkvRLOUp1wvu0TnjPS4Srh8M7JBru; lang=en; .AspNetCore.Antiforgery.PNrQmp_XXgg=CfDJ8DEIonLpeWhLlzlUNpoP6UsDqLnmcXtThlJc-34QIWntmsmvGm82fBPiX1oCS78v34h3NvKK18j_PkAhLP7sQQzvpJDaSd0v619aaqUp-ydNFwPJRZcoaONxhpz5hBj-o6SQZ0KvdzUBm3mbooGYDgg], [Referer, http://localhost:5049/swagger/index.html], [sec-ch-ua, "Not/A)Brand";v="99", "Google Chrome";v="115", "Chromium";v="115"], [sec-ch-ua-mobile, ?0], [sec-ch-ua-platform, "Windows"], [Sec-Fetch-Site, same-origin], [Sec-Fetch-Mode, cors], [Sec-Fetch-Dest, empty] - Microsoft.AspNetCore.Server.Kestrel.Core.Internal.Http.HttpRequestStream - /author/list => 200
2023-08-03 16:11:56,173 [.NET ThreadPool Worker] INFO  BookStore.Middlewares.Logging.RequestResponseLoggingMiddleware - 0HMSK2925FEF2:00000001 - Request POST - [Accept, */*], [Connection, keep-alive], [Host, localhost:5049], [User-Agent, Mozilla/5.0 (Windows NT 10.0; Win64; x64) AppleWebKit/537.36 (KHTML, like Gecko) Chrome/115.0.0.0 Safari/537.36], [Accept-Encoding, gzip, deflate, br], [Accept-Language, en-US,en;q=0.9,ru;q=0.8], [Content-Type, application/json], [Cookie, Webstorm-c120af6d=d0b2ac71-03c4-45fb-ab33-ee025a82b480; csrftoken=unqJkvRLOUp1wvu0TnjPS4Srh8M7JBru; lang=en; .AspNetCore.Antiforgery.PNrQmp_XXgg=CfDJ8DEIonLpeWhLlzlUNpoP6UsDqLnmcXtThlJc-34QIWntmsmvGm82fBPiX1oCS78v34h3NvKK18j_PkAhLP7sQQzvpJDaSd0v619aaqUp-ydNFwPJRZcoaONxhpz5hBj-o6SQZ0KvdzUBm3mbooGYDgg], [Origin, http://localhost:5049], [Referer, http://localhost:5049/swagger/index.html], [Content-Length, 77], [sec-ch-ua, "Not/A)Brand";v="99", "Google Chrome";v="115", "Chromium";v="115"], [sec-ch-ua-mobile, ?0], [sec-ch-ua-platform, "Windows"], [Sec-Fetch-Site, same-origin], [Sec-Fetch-Mode, cors], [Sec-Fetch-Dest, empty] - Microsoft.AspNetCore.Server.Kestrel.Core.Internal.Http.HttpRequestStream - /author/create => 200
2023-08-03 16:14:15,721 [19] INFO  Microsoft.Hosting.Lifetime - Application is shutting down...
2023-08-03 16:14:20,420 [1] INFO  Microsoft.Hosting.Lifetime - Now listening on: http://localhost:5049
2023-08-03 16:14:20,432 [1] INFO  Microsoft.Hosting.Lifetime - Application started. Press Ctrl+C to shut down.
2023-08-03 16:14:20,432 [1] INFO  Microsoft.Hosting.Lifetime - Hosting environment: Development
2023-08-03 16:14:20,432 [1] INFO  Microsoft.Hosting.Lifetime - Content root path: P:\C#\BookStore\BookStore
2023-08-03 16:14:21,161 [.NET ThreadPool Worker] INFO  BookStore.Middlewares.Logging.RequestResponseLoggingMiddleware - 0HMSK2B4ILCB0:00000001 - Request GET - [Accept, text/html,application/xhtml+xml,application/xml;q=0.9,image/avif,image/webp,image/apng,*/*;q=0.8,application/signed-exchange;v=b3;q=0.7], [Connection, keep-alive], [Host, localhost:5049], [User-Agent, Mozilla/5.0 (Windows NT 10.0; Win64; x64) AppleWebKit/537.36 (KHTML, like Gecko) Chrome/115.0.0.0 Safari/537.36], [Accept-Encoding, gzip, deflate, br], [Accept-Language, en-US,en;q=0.9,ru;q=0.8], [Cookie, Webstorm-c120af6d=d0b2ac71-03c4-45fb-ab33-ee025a82b480; csrftoken=unqJkvRLOUp1wvu0TnjPS4Srh8M7JBru; lang=en; .AspNetCore.Antiforgery.PNrQmp_XXgg=CfDJ8DEIonLpeWhLlzlUNpoP6UsDqLnmcXtThlJc-34QIWntmsmvGm82fBPiX1oCS78v34h3NvKK18j_PkAhLP7sQQzvpJDaSd0v619aaqUp-ydNFwPJRZcoaONxhpz5hBj-o6SQZ0KvdzUBm3mbooGYDgg], [Upgrade-Insecure-Requests, 1], [Sec-Fetch-Site, none], [Sec-Fetch-Mode, navigate], [Sec-Fetch-User, ?1], [Sec-Fetch-Dest, document], [sec-ch-ua, "Not/A)Brand";v="99", "Google Chrome";v="115", "Chromium";v="115"], [sec-ch-ua-mobile, ?0], [sec-ch-ua-platform, "Windows"] - Microsoft.AspNetCore.Server.Kestrel.Core.Internal.Http.HttpRequestStream - /swagger/index.html => 200
2023-08-03 16:14:21,386 [.NET ThreadPool Worker] INFO  BookStore.Middlewares.Logging.RequestResponseLoggingMiddleware - 0HMSK2B4ILCB0:00000002 - Request GET - [Accept, application/json,*/*], [Connection, keep-alive], [Host, localhost:5049], [User-Agent, Mozilla/5.0 (Windows NT 10.0; Win64; x64) AppleWebKit/537.36 (KHTML, like Gecko) Chrome/115.0.0.0 Safari/537.36], [Accept-Encoding, gzip, deflate, br], [Accept-Language, en-US,en;q=0.9,ru;q=0.8], [Cookie, Webstorm-c120af6d=d0b2ac71-03c4-45fb-ab33-ee025a82b480; csrftoken=unqJkvRLOUp1wvu0TnjPS4Srh8M7JBru; lang=en; .AspNetCore.Antiforgery.PNrQmp_XXgg=CfDJ8DEIonLpeWhLlzlUNpoP6UsDqLnmcXtThlJc-34QIWntmsmvGm82fBPiX1oCS78v34h3NvKK18j_PkAhLP7sQQzvpJDaSd0v619aaqUp-ydNFwPJRZcoaONxhpz5hBj-o6SQZ0KvdzUBm3mbooGYDgg], [Referer, http://localhost:5049/swagger/index.html], [sec-ch-ua, "Not/A)Brand";v="99", "Google Chrome";v="115", "Chromium";v="115"], [sec-ch-ua-mobile, ?0], [sec-ch-ua-platform, "Windows"], [Sec-Fetch-Site, same-origin], [Sec-Fetch-Mode, cors], [Sec-Fetch-Dest, empty] - Microsoft.AspNetCore.Server.Kestrel.Core.Internal.Http.HttpRequestStream - /swagger/v1/swagger.json => 200
2023-08-03 16:14:27,389 [.NET ThreadPool Worker] INFO  BookStore.Middlewares.Logging.RequestResponseLoggingMiddleware - 0HMSK2B4ILCB2:00000001 - Request POST - [Accept, */*], [Connection, keep-alive], [Host, localhost:5049], [User-Agent, Mozilla/5.0 (Windows NT 10.0; Win64; x64) AppleWebKit/537.36 (KHTML, like Gecko) Chrome/115.0.0.0 Safari/537.36], [Accept-Encoding, gzip, deflate, br], [Accept-Language, en-US,en;q=0.9,ru;q=0.8], [Content-Type, application/json], [Cookie, Webstorm-c120af6d=d0b2ac71-03c4-45fb-ab33-ee025a82b480; csrftoken=unqJkvRLOUp1wvu0TnjPS4Srh8M7JBru; lang=en; .AspNetCore.Antiforgery.PNrQmp_XXgg=CfDJ8DEIonLpeWhLlzlUNpoP6UsDqLnmcXtThlJc-34QIWntmsmvGm82fBPiX1oCS78v34h3NvKK18j_PkAhLP7sQQzvpJDaSd0v619aaqUp-ydNFwPJRZcoaONxhpz5hBj-o6SQZ0KvdzUBm3mbooGYDgg], [Origin, http://localhost:5049], [Referer, http://localhost:5049/swagger/index.html], [Content-Length, 77], [sec-ch-ua, "Not/A)Brand";v="99", "Google Chrome";v="115", "Chromium";v="115"], [sec-ch-ua-mobile, ?0], [sec-ch-ua-platform, "Windows"], [Sec-Fetch-Site, same-origin], [Sec-Fetch-Mode, cors], [Sec-Fetch-Dest, empty] - Microsoft.AspNetCore.Server.Kestrel.Core.Internal.Http.HttpRequestStream - /author/create => 200
2023-08-03 16:15:04,603 [16] INFO  Microsoft.Hosting.Lifetime - Application is shutting down...
2023-08-03 16:15:10,975 [1] INFO  Microsoft.Hosting.Lifetime - Now listening on: http://localhost:5049
2023-08-03 16:15:10,986 [1] INFO  Microsoft.Hosting.Lifetime - Application started. Press Ctrl+C to shut down.
2023-08-03 16:15:10,986 [1] INFO  Microsoft.Hosting.Lifetime - Hosting environment: Development
2023-08-03 16:15:10,986 [1] INFO  Microsoft.Hosting.Lifetime - Content root path: P:\C#\BookStore\BookStore
2023-08-03 16:15:11,445 [.NET ThreadPool Worker] INFO  BookStore.Middlewares.Logging.RequestResponseLoggingMiddleware - 0HMSK2BJIFP9O:00000001 - Request GET - Microsoft.AspNetCore.Server.Kestrel.Core.Internal.Http.HttpRequestStream - /swagger/index.html => 200
2023-08-03 16:15:11,947 [.NET ThreadPool Worker] INFO  BookStore.Middlewares.Logging.RequestResponseLoggingMiddleware - 0HMSK2BJIFP9O:00000002 - Request GET - Microsoft.AspNetCore.Server.Kestrel.Core.Internal.Http.HttpRequestStream - /swagger/v1/swagger.json => 200
2023-08-03 16:15:18,168 [.NET ThreadPool Worker] INFO  BookStore.Middlewares.Logging.RequestResponseLoggingMiddleware - 0HMSK2BJIFP9Q:00000001 - Request POST - Microsoft.AspNetCore.Server.Kestrel.Core.Internal.Http.HttpRequestStream - /author/create => 200
2023-08-03 16:25:54,133 [34] INFO  Microsoft.Hosting.Lifetime - Application is shutting down...
2023-08-03 16:26:00,641 [1] INFO  Microsoft.Hosting.Lifetime - Now listening on: http://localhost:5049
2023-08-03 16:26:00,652 [1] INFO  Microsoft.Hosting.Lifetime - Application started. Press Ctrl+C to shut down.
2023-08-03 16:26:00,652 [1] INFO  Microsoft.Hosting.Lifetime - Hosting environment: Development
2023-08-03 16:26:00,652 [1] INFO  Microsoft.Hosting.Lifetime - Content root path: P:\C#\BookStore\BookStore
2023-08-03 16:26:02,234 [.NET ThreadPool Worker] INFO  BookStore.Middlewares.Logging.RequestResponseLoggingMiddleware - 0HMSK2HL8R8RE:00000001 - Request GET - /swagger/index.html - [Accept, text/html,application/xhtml+xml,application/xml;q=0.9,image/avif,image/webp,image/apng,*/*;q=0.8,application/signed-exchange;v=b3;q=0.7], [Connection, keep-alive], [Host, localhost:5049], [User-Agent, Mozilla/5.0 (Windows NT 10.0; Win64; x64) AppleWebKit/537.36 (KHTML, like Gecko) Chrome/115.0.0.0 Safari/537.36], [Accept-Encoding, gzip, deflate, br], [Accept-Language, en-US,en;q=0.9,ru;q=0.8], [Cookie, Webstorm-c120af6d=d0b2ac71-03c4-45fb-ab33-ee025a82b480; csrftoken=unqJkvRLOUp1wvu0TnjPS4Srh8M7JBru; lang=en; .AspNetCore.Antiforgery.PNrQmp_XXgg=CfDJ8DEIonLpeWhLlzlUNpoP6UsDqLnmcXtThlJc-34QIWntmsmvGm82fBPiX1oCS78v34h3NvKK18j_PkAhLP7sQQzvpJDaSd0v619aaqUp-ydNFwPJRZcoaONxhpz5hBj-o6SQZ0KvdzUBm3mbooGYDgg], [Upgrade-Insecure-Requests, 1], [Sec-Fetch-Site, none], [Sec-Fetch-Mode, navigate], [Sec-Fetch-User, ?1], [Sec-Fetch-Dest, document], [sec-ch-ua, "Not/A)Brand";v="99", "Google Chrome";v="115", "Chromium";v="115"], [sec-ch-ua-mobile, ?0], [sec-ch-ua-platform, "Windows"]
2023-08-03 16:26:02,237 [.NET ThreadPool Worker] INFO  BookStore.Middlewares.Logging.RequestResponseLoggingMiddleware - 0HMSK2HL8R8RE:00000001 - Response 200 - 754.0794
2023-08-03 16:26:03,132 [.NET ThreadPool Worker] INFO  BookStore.Middlewares.Logging.RequestResponseLoggingMiddleware - 0HMSK2HL8R8RE:00000002 - Request GET - /swagger/v1/swagger.json - [Accept, application/json,*/*], [Connection, keep-alive], [Host, localhost:5049], [User-Agent, Mozilla/5.0 (Windows NT 10.0; Win64; x64) AppleWebKit/537.36 (KHTML, like Gecko) Chrome/115.0.0.0 Safari/537.36], [Accept-Encoding, gzip, deflate, br], [Accept-Language, en-US,en;q=0.9,ru;q=0.8], [Cookie, Webstorm-c120af6d=d0b2ac71-03c4-45fb-ab33-ee025a82b480; csrftoken=unqJkvRLOUp1wvu0TnjPS4Srh8M7JBru; lang=en; .AspNetCore.Antiforgery.PNrQmp_XXgg=CfDJ8DEIonLpeWhLlzlUNpoP6UsDqLnmcXtThlJc-34QIWntmsmvGm82fBPiX1oCS78v34h3NvKK18j_PkAhLP7sQQzvpJDaSd0v619aaqUp-ydNFwPJRZcoaONxhpz5hBj-o6SQZ0KvdzUBm3mbooGYDgg], [Referer, http://localhost:5049/swagger/index.html], [sec-ch-ua, "Not/A)Brand";v="99", "Google Chrome";v="115", "Chromium";v="115"], [sec-ch-ua-mobile, ?0], [sec-ch-ua-platform, "Windows"], [Sec-Fetch-Site, same-origin], [Sec-Fetch-Mode, cors], [Sec-Fetch-Dest, empty]
2023-08-03 16:26:03,137 [.NET ThreadPool Worker] INFO  BookStore.Middlewares.Logging.RequestResponseLoggingMiddleware - 0HMSK2HL8R8RE:00000002 - Response 200 - 462.8372
2023-08-03 16:26:09,859 [.NET ThreadPool Worker] INFO  BookStore.Controllers.AuthorController - 0HMSK2HL8R8RG:00000001 - Method: GetAllAuthorsAsync
2023-08-03 16:26:09,862 [.NET ThreadPool Worker] INFO  BookStore.Service.Implementations.AuthorService - 0HMSK2HL8R8RG:00000001 - Method: ListService
2023-08-03 16:26:09,865 [.NET ThreadPool Worker] INFO  BookStore.DAL.Repositories.AuthorRepository - 0HMSK2HL8R8RG:00000001 - Method: GetAll
2023-08-03 16:26:14,272 [.NET ThreadPool Worker] INFO  BookStore.Middlewares.Logging.RequestResponseLoggingMiddleware - 0HMSK2HL8R8RG:00000001 - Request GET - /author/list - [Accept, */*], [Connection, keep-alive], [Host, localhost:5049], [User-Agent, Mozilla/5.0 (Windows NT 10.0; Win64; x64) AppleWebKit/537.36 (KHTML, like Gecko) Chrome/115.0.0.0 Safari/537.36], [Accept-Encoding, gzip, deflate, br], [Accept-Language, en-US,en;q=0.9,ru;q=0.8], [Cookie, Webstorm-c120af6d=d0b2ac71-03c4-45fb-ab33-ee025a82b480; csrftoken=unqJkvRLOUp1wvu0TnjPS4Srh8M7JBru; lang=en; .AspNetCore.Antiforgery.PNrQmp_XXgg=CfDJ8DEIonLpeWhLlzlUNpoP6UsDqLnmcXtThlJc-34QIWntmsmvGm82fBPiX1oCS78v34h3NvKK18j_PkAhLP7sQQzvpJDaSd0v619aaqUp-ydNFwPJRZcoaONxhpz5hBj-o6SQZ0KvdzUBm3mbooGYDgg], [Referer, http://localhost:5049/swagger/index.html], [sec-ch-ua, "Not/A)Brand";v="99", "Google Chrome";v="115", "Chromium";v="115"], [sec-ch-ua-mobile, ?0], [sec-ch-ua-platform, "Windows"], [Sec-Fetch-Site, same-origin], [Sec-Fetch-Mode, cors], [Sec-Fetch-Dest, empty]
2023-08-03 16:26:14,274 [.NET ThreadPool Worker] INFO  BookStore.Middlewares.Logging.RequestResponseLoggingMiddleware - 0HMSK2HL8R8RG:00000001 - Response 200 - 4733.676
2023-08-03 16:28:19,259 [.NET ThreadPool Worker] INFO  BookStore.Controllers.AuthorController - 0HMSK2HL8R8RH:00000001 - Method: GetAllAuthorsAsync
2023-08-03 16:28:19,261 [.NET ThreadPool Worker] INFO  BookStore.Service.Implementations.AuthorService - 0HMSK2HL8R8RH:00000001 - Method: ListService
2023-08-03 16:28:19,262 [.NET ThreadPool Worker] INFO  BookStore.DAL.Repositories.AuthorRepository - 0HMSK2HL8R8RH:00000001 - Method: GetAll
2023-08-03 16:28:19,368 [.NET ThreadPool Worker] INFO  BookStore.Middlewares.Logging.RequestResponseLoggingMiddleware - 0HMSK2HL8R8RH:00000001 - Request GET - /author/list - [Accept, */*], [Connection, keep-alive], [Host, localhost:5049], [User-Agent, Mozilla/5.0 (Windows NT 10.0; Win64; x64) AppleWebKit/537.36 (KHTML, like Gecko) Chrome/115.0.0.0 Safari/537.36], [Accept-Encoding, gzip, deflate, br], [Accept-Language, en-US,en;q=0.9,ru;q=0.8], [Cookie, Webstorm-c120af6d=d0b2ac71-03c4-45fb-ab33-ee025a82b480; csrftoken=unqJkvRLOUp1wvu0TnjPS4Srh8M7JBru; lang=en; .AspNetCore.Antiforgery.PNrQmp_XXgg=CfDJ8DEIonLpeWhLlzlUNpoP6UsDqLnmcXtThlJc-34QIWntmsmvGm82fBPiX1oCS78v34h3NvKK18j_PkAhLP7sQQzvpJDaSd0v619aaqUp-ydNFwPJRZcoaONxhpz5hBj-o6SQZ0KvdzUBm3mbooGYDgg], [Referer, http://localhost:5049/swagger/index.html], [sec-ch-ua, "Not/A)Brand";v="99", "Google Chrome";v="115", "Chromium";v="115"], [sec-ch-ua-mobile, ?0], [sec-ch-ua-platform, "Windows"], [Sec-Fetch-Site, same-origin], [Sec-Fetch-Mode, cors], [Sec-Fetch-Dest, empty]
2023-08-03 16:28:19,375 [.NET ThreadPool Worker] INFO  BookStore.Middlewares.Logging.RequestResponseLoggingMiddleware - 0HMSK2HL8R8RH:00000001 - Response 200 - 116.4791
2023-08-03 16:28:27,863 [.NET ThreadPool Worker] INFO  BookStore.Controllers.AuthorController - 0HMSK2HL8R8RI:00000001 - Method: GetAllAuthorsAsync
2023-08-03 16:28:27,864 [.NET ThreadPool Worker] INFO  BookStore.Service.Implementations.AuthorService - 0HMSK2HL8R8RI:00000001 - Method: ListService
2023-08-03 16:28:27,865 [.NET ThreadPool Worker] INFO  BookStore.DAL.Repositories.AuthorRepository - 0HMSK2HL8R8RI:00000001 - Method: GetAll
2023-08-03 16:28:28,103 [.NET ThreadPool Worker] INFO  BookStore.Middlewares.Logging.RequestResponseLoggingMiddleware - 0HMSK2HL8R8RI:00000001 - Request GET - /author/list - [Accept, */*], [Connection, keep-alive], [Host, localhost:5049], [User-Agent, Mozilla/5.0 (Windows NT 10.0; Win64; x64) AppleWebKit/537.36 (KHTML, like Gecko) Chrome/115.0.0.0 Safari/537.36], [Accept-Encoding, gzip, deflate, br], [Accept-Language, en-US,en;q=0.9,ru;q=0.8], [Cookie, Webstorm-c120af6d=d0b2ac71-03c4-45fb-ab33-ee025a82b480; csrftoken=unqJkvRLOUp1wvu0TnjPS4Srh8M7JBru; lang=en; .AspNetCore.Antiforgery.PNrQmp_XXgg=CfDJ8DEIonLpeWhLlzlUNpoP6UsDqLnmcXtThlJc-34QIWntmsmvGm82fBPiX1oCS78v34h3NvKK18j_PkAhLP7sQQzvpJDaSd0v619aaqUp-ydNFwPJRZcoaONxhpz5hBj-o6SQZ0KvdzUBm3mbooGYDgg], [Referer, http://localhost:5049/swagger/index.html], [sec-ch-ua, "Not/A)Brand";v="99", "Google Chrome";v="115", "Chromium";v="115"], [sec-ch-ua-mobile, ?0], [sec-ch-ua-platform, "Windows"], [Sec-Fetch-Site, same-origin], [Sec-Fetch-Mode, cors], [Sec-Fetch-Dest, empty]
2023-08-03 16:28:28,107 [.NET ThreadPool Worker] INFO  BookStore.Middlewares.Logging.RequestResponseLoggingMiddleware - 0HMSK2HL8R8RI:00000001 - Response 200 - 252.4155
2023-08-03 16:30:11,348 [.NET ThreadPool Worker] INFO  BookStore.Controllers.AuthorController - 0HMSK2HL8R8RJ:00000001 - Method: GetAllAuthorsAsync
2023-08-03 16:30:11,349 [.NET ThreadPool Worker] INFO  BookStore.Service.Implementations.AuthorService - 0HMSK2HL8R8RJ:00000001 - Method: ListService
2023-08-03 16:30:11,350 [.NET ThreadPool Worker] INFO  BookStore.DAL.Repositories.AuthorRepository - 0HMSK2HL8R8RJ:00000001 - Method: GetAll
2023-08-03 16:30:11,362 [.NET ThreadPool Worker] INFO  BookStore.Middlewares.Logging.RequestResponseLoggingMiddleware - 0HMSK2HL8R8RJ:00000001 - Request GET - /author/list - [Accept, */*], [Connection, keep-alive], [Host, localhost:5049], [User-Agent, Mozilla/5.0 (Windows NT 10.0; Win64; x64) AppleWebKit/537.36 (KHTML, like Gecko) Chrome/115.0.0.0 Safari/537.36], [Accept-Encoding, gzip, deflate, br], [Accept-Language, en-US,en;q=0.9,ru;q=0.8], [Cookie, Webstorm-c120af6d=d0b2ac71-03c4-45fb-ab33-ee025a82b480; csrftoken=unqJkvRLOUp1wvu0TnjPS4Srh8M7JBru; lang=en; .AspNetCore.Antiforgery.PNrQmp_XXgg=CfDJ8DEIonLpeWhLlzlUNpoP6UsDqLnmcXtThlJc-34QIWntmsmvGm82fBPiX1oCS78v34h3NvKK18j_PkAhLP7sQQzvpJDaSd0v619aaqUp-ydNFwPJRZcoaONxhpz5hBj-o6SQZ0KvdzUBm3mbooGYDgg], [Referer, http://localhost:5049/swagger/index.html], [sec-ch-ua, "Not/A)Brand";v="99", "Google Chrome";v="115", "Chromium";v="115"], [sec-ch-ua-mobile, ?0], [sec-ch-ua-platform, "Windows"], [Sec-Fetch-Site, same-origin], [Sec-Fetch-Mode, cors], [Sec-Fetch-Dest, empty]
2023-08-03 16:30:11,368 [.NET ThreadPool Worker] INFO  BookStore.Middlewares.Logging.RequestResponseLoggingMiddleware - 0HMSK2HL8R8RJ:00000001 - Response 200 - 15.4248
2023-08-03 16:31:51,009 [.NET ThreadPool Worker] INFO  BookStore.Controllers.AuthorController - 0HMSK2HL8R8RL:00000001 - Method: GetAllAuthorsAsync
2023-08-03 16:31:51,009 [.NET ThreadPool Worker] INFO  BookStore.Service.Implementations.AuthorService - 0HMSK2HL8R8RL:00000001 - Method: ListService
2023-08-03 16:31:51,009 [.NET ThreadPool Worker] INFO  BookStore.DAL.Repositories.AuthorRepository - 0HMSK2HL8R8RL:00000001 - Method: GetAll
2023-08-03 16:31:51,078 [.NET ThreadPool Worker] INFO  BookStore.Middlewares.Logging.RequestResponseLoggingMiddleware - 0HMSK2HL8R8RL:00000001 - Request GET - /author/list - [Accept, */*], [Connection, keep-alive], [Host, localhost:5049], [User-Agent, PostmanRuntime/7.32.3], [Accept-Encoding, gzip, deflate, br], [Cache-Control, no-cache], [Postman-Token, acb43ed2-9de0-44cd-8fd9-65658da06794]
2023-08-03 16:31:51,079 [.NET ThreadPool Worker] INFO  BookStore.Middlewares.Logging.RequestResponseLoggingMiddleware - 0HMSK2HL8R8RL:00000001 - Response 200 - 69.5028
2023-08-03 16:32:08,263 [.NET ThreadPool Worker] INFO  BookStore.Controllers.AuthorController - 0HMSK2HL8R8RL:00000002 - Method: GetAllAuthorsAsync
2023-08-03 16:32:08,263 [.NET ThreadPool Worker] INFO  BookStore.Service.Implementations.AuthorService - 0HMSK2HL8R8RL:00000002 - Method: ListService
2023-08-03 16:32:08,264 [.NET ThreadPool Worker] INFO  BookStore.DAL.Repositories.AuthorRepository - 0HMSK2HL8R8RL:00000002 - Method: GetAll
2023-08-03 16:32:08,270 [.NET ThreadPool Worker] INFO  BookStore.Middlewares.Logging.RequestResponseLoggingMiddleware - 0HMSK2HL8R8RL:00000002 - Request GET - /author/list - [Accept, */*], [Connection, keep-alive], [Host, localhost:5049], [User-Agent, PostmanRuntime/7.32.3], [Accept-Encoding, gzip, deflate, br], [Cache-Control, no-cache], [Postman-Token, aedc3bc0-2938-4ecf-a81f-b89d7eda85a6]
2023-08-03 16:32:08,271 [.NET ThreadPool Worker] INFO  BookStore.Middlewares.Logging.RequestResponseLoggingMiddleware - 0HMSK2HL8R8RL:00000002 - Response 200 - 8.1682
2023-08-03 16:33:01,857 [.NET ThreadPool Worker] INFO  BookStore.Middlewares.Logging.RequestResponseLoggingMiddleware - 0HMSK2HL8R8RL:00000003 - Request POST - /author/create - [Accept, */*], [Connection, keep-alive], [Host, localhost:5049], [User-Agent, PostmanRuntime/7.32.3], [Accept-Encoding, gzip, deflate, br], [Cache-Control, no-cache], [Content-Type, application/json], [Content-Length, 67], [Postman-Token, dbdc7f8a-aaab-4f16-b8ff-b80fb64e671c]
2023-08-03 16:33:01,857 [.NET ThreadPool Worker] INFO  BookStore.Middlewares.Logging.RequestResponseLoggingMiddleware - 0HMSK2HL8R8RL:00000003 - Response 200 - 1104.9821
2023-08-03 16:33:14,800 [.NET ThreadPool Worker] INFO  BookStore.Middlewares.Logging.RequestResponseLoggingMiddleware - 0HMSK2HL8R8RL:00000004 - Request POST - /author/create - [Accept, */*], [Connection, keep-alive], [Host, localhost:5049], [User-Agent, PostmanRuntime/7.32.3], [Accept-Encoding, gzip, deflate, br], [Cache-Control, no-cache], [Content-Type, application/json], [Content-Length, 67], [Postman-Token, ebdba4f4-0a04-4103-846d-e9fa71835c21]
2023-08-03 16:33:14,802 [.NET ThreadPool Worker] INFO  BookStore.Middlewares.Logging.RequestResponseLoggingMiddleware - 0HMSK2HL8R8RL:00000004 - Response 200 - 37.9758
2023-08-03 16:33:21,979 [.NET ThreadPool Worker] INFO  BookStore.Middlewares.Logging.RequestResponseLoggingMiddleware - 0HMSK2HL8R8RL:00000005 - Request POST - /author/create - [Accept, */*], [Connection, keep-alive], [Host, localhost:5049], [User-Agent, PostmanRuntime/7.32.3], [Accept-Encoding, gzip, deflate, br], [Cache-Control, no-cache], [Content-Type, application/json], [Content-Length, 67], [Postman-Token, bf2f8a74-6852-4c59-b8df-fcc7047e8960]
2023-08-03 16:33:21,979 [.NET ThreadPool Worker] INFO  BookStore.Middlewares.Logging.RequestResponseLoggingMiddleware - 0HMSK2HL8R8RL:00000005 - Response 200 - 23.0743
2023-08-03 16:33:40,498 [.NET ThreadPool Worker] INFO  BookStore.Middlewares.Logging.RequestResponseLoggingMiddleware - 0HMSK2HL8R8RM:00000001 - Request GET - /swagger/v1/swagger.json - [Accept, application/json,*/*], [Connection, keep-alive], [Host, localhost:5049], [User-Agent, Mozilla/5.0 (Windows NT 10.0; Win64; x64) AppleWebKit/537.36 (KHTML, like Gecko) Chrome/115.0.0.0 Safari/537.36], [Accept-Encoding, gzip, deflate, br], [Accept-Language, en-US,en;q=0.9,ru;q=0.8], [Cookie, Webstorm-c120af6d=d0b2ac71-03c4-45fb-ab33-ee025a82b480; csrftoken=unqJkvRLOUp1wvu0TnjPS4Srh8M7JBru; lang=en; .AspNetCore.Antiforgery.PNrQmp_XXgg=CfDJ8DEIonLpeWhLlzlUNpoP6UsDqLnmcXtThlJc-34QIWntmsmvGm82fBPiX1oCS78v34h3NvKK18j_PkAhLP7sQQzvpJDaSd0v619aaqUp-ydNFwPJRZcoaONxhpz5hBj-o6SQZ0KvdzUBm3mbooGYDgg], [Referer, http://localhost:5049/swagger/index.html], [sec-ch-ua, "Not/A)Brand";v="99", "Google Chrome";v="115", "Chromium";v="115"], [sec-ch-ua-mobile, ?0], [sec-ch-ua-platform, "Windows"], [Sec-Fetch-Site, same-origin], [Sec-Fetch-Mode, cors], [Sec-Fetch-Dest, empty]
2023-08-03 16:33:40,501 [.NET ThreadPool Worker] INFO  BookStore.Middlewares.Logging.RequestResponseLoggingMiddleware - 0HMSK2HL8R8RM:00000001 - Response 200 - 6.043
2023-08-03 16:34:02,089 [16] INFO  Microsoft.Hosting.Lifetime - Application is shutting down...
2023-08-03 16:35:40,334 [1] INFO  Microsoft.Hosting.Lifetime - Now listening on: http://localhost:5049
2023-08-03 16:35:40,360 [1] INFO  Microsoft.Hosting.Lifetime - Application started. Press Ctrl+C to shut down.
2023-08-03 16:35:40,361 [1] INFO  Microsoft.Hosting.Lifetime - Hosting environment: Development
2023-08-03 16:35:40,361 [1] INFO  Microsoft.Hosting.Lifetime - Content root path: P:\C#\BookStore\BookStore
2023-08-03 16:35:58,105 [.NET ThreadPool Worker] INFO  BookStore.Middlewares.Logging.RequestResponseLoggingMiddleware - 0HMSK2N21EFIO:00000001 - Request GET - /swagger/index.html - [Accept, text/html,application/xhtml+xml,application/xml;q=0.9,image/avif,image/webp,image/apng,*/*;q=0.8,application/signed-exchange;v=b3;q=0.7], [Connection, keep-alive], [Host, localhost:5049], [User-Agent, Mozilla/5.0 (Windows NT 10.0; Win64; x64) AppleWebKit/537.36 (KHTML, like Gecko) Chrome/115.0.0.0 Safari/537.36], [Accept-Encoding, gzip, deflate, br], [Accept-Language, en-US,en;q=0.9,ru;q=0.8], [Cookie, Webstorm-c120af6d=d0b2ac71-03c4-45fb-ab33-ee025a82b480; csrftoken=unqJkvRLOUp1wvu0TnjPS4Srh8M7JBru; lang=en; .AspNetCore.Antiforgery.PNrQmp_XXgg=CfDJ8DEIonLpeWhLlzlUNpoP6UsDqLnmcXtThlJc-34QIWntmsmvGm82fBPiX1oCS78v34h3NvKK18j_PkAhLP7sQQzvpJDaSd0v619aaqUp-ydNFwPJRZcoaONxhpz5hBj-o6SQZ0KvdzUBm3mbooGYDgg], [Upgrade-Insecure-Requests, 1], [Sec-Fetch-Site, none], [Sec-Fetch-Mode, navigate], [Sec-Fetch-User, ?1], [Sec-Fetch-Dest, document], [sec-ch-ua, "Not/A)Brand";v="99", "Google Chrome";v="115", "Chromium";v="115"], [sec-ch-ua-mobile, ?0], [sec-ch-ua-platform, "Windows"]
2023-08-03 16:35:58,110 [.NET ThreadPool Worker] INFO  BookStore.Middlewares.Logging.RequestResponseLoggingMiddleware - 0HMSK2N21EFIO:00000001 - Response 200 - 450.2878
2023-08-03 16:36:03,555 [.NET ThreadPool Worker] INFO  BookStore.Middlewares.Logging.RequestResponseLoggingMiddleware - 0HMSK2N21EFIO:00000002 - Request GET - /swagger/v1/swagger.json - [Accept, application/json,*/*], [Connection, keep-alive], [Host, localhost:5049], [User-Agent, Mozilla/5.0 (Windows NT 10.0; Win64; x64) AppleWebKit/537.36 (KHTML, like Gecko) Chrome/115.0.0.0 Safari/537.36], [Accept-Encoding, gzip, deflate, br], [Accept-Language, en-US,en;q=0.9,ru;q=0.8], [Cookie, Webstorm-c120af6d=d0b2ac71-03c4-45fb-ab33-ee025a82b480; csrftoken=unqJkvRLOUp1wvu0TnjPS4Srh8M7JBru; lang=en; .AspNetCore.Antiforgery.PNrQmp_XXgg=CfDJ8DEIonLpeWhLlzlUNpoP6UsDqLnmcXtThlJc-34QIWntmsmvGm82fBPiX1oCS78v34h3NvKK18j_PkAhLP7sQQzvpJDaSd0v619aaqUp-ydNFwPJRZcoaONxhpz5hBj-o6SQZ0KvdzUBm3mbooGYDgg], [Referer, http://localhost:5049/swagger/index.html], [sec-ch-ua, "Not/A)Brand";v="99", "Google Chrome";v="115", "Chromium";v="115"], [sec-ch-ua-mobile, ?0], [sec-ch-ua-platform, "Windows"], [Sec-Fetch-Site, same-origin], [Sec-Fetch-Mode, cors], [Sec-Fetch-Dest, empty]
2023-08-03 16:36:03,558 [.NET ThreadPool Worker] INFO  BookStore.Middlewares.Logging.RequestResponseLoggingMiddleware - 0HMSK2N21EFIO:00000002 - Response 200 - 519.4952
2023-08-03 16:47:25,987 [.NET ThreadPool Worker] INFO  BookStore.Controllers.AuthorController - 0HMSK2N21EFIO:00000003 - Method: GetAllAuthorsAsync
2023-08-03 16:47:25,998 [.NET ThreadPool Worker] INFO  BookStore.Service.Implementations.AuthorService - 0HMSK2N21EFIO:00000003 - Method: ListService
2023-08-03 16:47:26,001 [.NET ThreadPool Worker] INFO  BookStore.DAL.Repositories.AuthorRepository - 0HMSK2N21EFIO:00000003 - Method: GetAll
2023-08-03 16:49:22,646 [1] INFO  Microsoft.Hosting.Lifetime - Now listening on: http://localhost:5049
2023-08-03 16:49:22,681 [1] INFO  Microsoft.Hosting.Lifetime - Application started. Press Ctrl+C to shut down.
2023-08-03 16:49:22,683 [1] INFO  Microsoft.Hosting.Lifetime - Hosting environment: Development
2023-08-03 16:49:22,683 [1] INFO  Microsoft.Hosting.Lifetime - Content root path: P:\C#\BookStore\BookStore
2023-08-03 16:49:23,224 [.NET ThreadPool Worker] INFO  BookStore.Middlewares.Logging.RequestResponseLoggingMiddleware - 0HMSK2UMV8SPO:00000001 - Request GET - /swagger/index.html - [Accept, text/html,application/xhtml+xml,application/xml;q=0.9,image/avif,image/webp,image/apng,*/*;q=0.8,application/signed-exchange;v=b3;q=0.7], [Connection, keep-alive], [Host, localhost:5049], [User-Agent, Mozilla/5.0 (Windows NT 10.0; Win64; x64) AppleWebKit/537.36 (KHTML, like Gecko) Chrome/115.0.0.0 Safari/537.36], [Accept-Encoding, gzip, deflate, br], [Accept-Language, en-US,en;q=0.9,ru;q=0.8], [Cookie, Webstorm-c120af6d=d0b2ac71-03c4-45fb-ab33-ee025a82b480; csrftoken=unqJkvRLOUp1wvu0TnjPS4Srh8M7JBru; lang=en; .AspNetCore.Antiforgery.PNrQmp_XXgg=CfDJ8DEIonLpeWhLlzlUNpoP6UsDqLnmcXtThlJc-34QIWntmsmvGm82fBPiX1oCS78v34h3NvKK18j_PkAhLP7sQQzvpJDaSd0v619aaqUp-ydNFwPJRZcoaONxhpz5hBj-o6SQZ0KvdzUBm3mbooGYDgg], [Upgrade-Insecure-Requests, 1], [Sec-Fetch-Site, none], [Sec-Fetch-Mode, navigate], [Sec-Fetch-User, ?1], [Sec-Fetch-Dest, document], [sec-ch-ua, "Not/A)Brand";v="99", "Google Chrome";v="115", "Chromium";v="115"], [sec-ch-ua-mobile, ?0], [sec-ch-ua-platform, "Windows"]
2023-08-03 16:49:23,372 [.NET ThreadPool Worker] INFO  BookStore.Middlewares.Logging.RequestResponseLoggingMiddleware - 0HMSK2UMV8SPO:00000001 - Response 200 - 144.6245
2023-08-03 16:49:23,518 [.NET ThreadPool Worker] INFO  BookStore.Middlewares.Logging.RequestResponseLoggingMiddleware - 0HMSK2UMV8SPO:00000002 - Request GET - /swagger/v1/swagger.json - [Accept, application/json,*/*], [Connection, keep-alive], [Host, localhost:5049], [User-Agent, Mozilla/5.0 (Windows NT 10.0; Win64; x64) AppleWebKit/537.36 (KHTML, like Gecko) Chrome/115.0.0.0 Safari/537.36], [Accept-Encoding, gzip, deflate, br], [Accept-Language, en-US,en;q=0.9,ru;q=0.8], [Cookie, Webstorm-c120af6d=d0b2ac71-03c4-45fb-ab33-ee025a82b480; csrftoken=unqJkvRLOUp1wvu0TnjPS4Srh8M7JBru; lang=en; .AspNetCore.Antiforgery.PNrQmp_XXgg=CfDJ8DEIonLpeWhLlzlUNpoP6UsDqLnmcXtThlJc-34QIWntmsmvGm82fBPiX1oCS78v34h3NvKK18j_PkAhLP7sQQzvpJDaSd0v619aaqUp-ydNFwPJRZcoaONxhpz5hBj-o6SQZ0KvdzUBm3mbooGYDgg], [Referer, http://localhost:5049/swagger/index.html], [sec-ch-ua, "Not/A)Brand";v="99", "Google Chrome";v="115", "Chromium";v="115"], [sec-ch-ua-mobile, ?0], [sec-ch-ua-platform, "Windows"], [Sec-Fetch-Site, same-origin], [Sec-Fetch-Mode, cors], [Sec-Fetch-Dest, empty]
2023-08-03 16:49:23,713 [.NET ThreadPool Worker] INFO  BookStore.Middlewares.Logging.RequestResponseLoggingMiddleware - 0HMSK2UMV8SPO:00000002 - Response 200 - 192.7265
2023-08-03 16:49:29,164 [.NET ThreadPool Worker] INFO  BookStore.Middlewares.Logging.RequestResponseLoggingMiddleware - 0HMSK2UMV8SPO:00000003 - Request GET - /author/list - [Accept, */*], [Connection, keep-alive], [Host, localhost:5049], [User-Agent, Mozilla/5.0 (Windows NT 10.0; Win64; x64) AppleWebKit/537.36 (KHTML, like Gecko) Chrome/115.0.0.0 Safari/537.36], [Accept-Encoding, gzip, deflate, br], [Accept-Language, en-US,en;q=0.9,ru;q=0.8], [Cookie, Webstorm-c120af6d=d0b2ac71-03c4-45fb-ab33-ee025a82b480; csrftoken=unqJkvRLOUp1wvu0TnjPS4Srh8M7JBru; lang=en; .AspNetCore.Antiforgery.PNrQmp_XXgg=CfDJ8DEIonLpeWhLlzlUNpoP6UsDqLnmcXtThlJc-34QIWntmsmvGm82fBPiX1oCS78v34h3NvKK18j_PkAhLP7sQQzvpJDaSd0v619aaqUp-ydNFwPJRZcoaONxhpz5hBj-o6SQZ0KvdzUBm3mbooGYDgg], [Referer, http://localhost:5049/swagger/index.html], [sec-ch-ua, "Not/A)Brand";v="99", "Google Chrome";v="115", "Chromium";v="115"], [sec-ch-ua-mobile, ?0], [sec-ch-ua-platform, "Windows"], [Sec-Fetch-Site, same-origin], [Sec-Fetch-Mode, cors], [Sec-Fetch-Dest, empty]
2023-08-03 16:49:29,718 [.NET ThreadPool Worker] INFO  BookStore.Controllers.AuthorController - 0HMSK2UMV8SPO:00000003 - Method: GetAllAuthorsAsync
2023-08-03 16:49:29,723 [.NET ThreadPool Worker] INFO  BookStore.Service.Implementations.AuthorService - 0HMSK2UMV8SPO:00000003 - Method: ListService
2023-08-03 16:49:29,725 [.NET ThreadPool Worker] INFO  BookStore.DAL.Repositories.AuthorRepository - 0HMSK2UMV8SPO:00000003 - Method: GetAll
2023-08-03 16:49:31,535 [.NET ThreadPool Worker] INFO  BookStore.Middlewares.Logging.RequestResponseLoggingMiddleware - 0HMSK2UMV8SPO:00000003 - Response 200 - 2365.6809
2023-08-03 17:05:43,212 [3] INFO  Microsoft.Hosting.Lifetime - Application is shutting down...
2023-08-03 17:29:59,054 [1] INFO  Microsoft.Hosting.Lifetime - Now listening on: http://localhost:5049
2023-08-03 17:29:59,076 [1] INFO  Microsoft.Hosting.Lifetime - Application started. Press Ctrl+C to shut down.
2023-08-03 17:29:59,077 [1] INFO  Microsoft.Hosting.Lifetime - Hosting environment: Development
2023-08-03 17:29:59,077 [1] INFO  Microsoft.Hosting.Lifetime - Content root path: P:\C#\BookStore\BookStore
2023-08-03 17:29:59,957 [.NET ThreadPool Worker] INFO  BookStore.Middlewares.Logging.RequestResponseLoggingMiddleware - 0HMSK3LD54T9R:00000001 - Request GET - /swagger/index.html - [Accept, text/html,application/xhtml+xml,application/xml;q=0.9,image/avif,image/webp,image/apng,*/*;q=0.8,application/signed-exchange;v=b3;q=0.7], [Connection, keep-alive], [Host, localhost:5049], [User-Agent, Mozilla/5.0 (Windows NT 10.0; Win64; x64) AppleWebKit/537.36 (KHTML, like Gecko) Chrome/115.0.0.0 Safari/537.36], [Accept-Encoding, gzip, deflate, br], [Accept-Language, en-US,en;q=0.9,ru;q=0.8], [Cookie, Webstorm-c120af6d=d0b2ac71-03c4-45fb-ab33-ee025a82b480; csrftoken=unqJkvRLOUp1wvu0TnjPS4Srh8M7JBru; lang=en; .AspNetCore.Antiforgery.PNrQmp_XXgg=CfDJ8DEIonLpeWhLlzlUNpoP6UsDqLnmcXtThlJc-34QIWntmsmvGm82fBPiX1oCS78v34h3NvKK18j_PkAhLP7sQQzvpJDaSd0v619aaqUp-ydNFwPJRZcoaONxhpz5hBj-o6SQZ0KvdzUBm3mbooGYDgg], [Upgrade-Insecure-Requests, 1], [Sec-Fetch-Site, none], [Sec-Fetch-Mode, navigate], [Sec-Fetch-User, ?1], [Sec-Fetch-Dest, document], [sec-ch-ua, "Not/A)Brand";v="99", "Google Chrome";v="115", "Chromium";v="115"], [sec-ch-ua-mobile, ?0], [sec-ch-ua-platform, "Windows"]
2023-08-03 17:30:00,239 [.NET ThreadPool Worker] INFO  BookStore.Middlewares.Logging.RequestResponseLoggingMiddleware - 0HMSK3LD54T9R:00000001 - Response 200 - 279.7815
2023-08-03 17:30:00,797 [.NET ThreadPool Worker] INFO  BookStore.Middlewares.Logging.RequestResponseLoggingMiddleware - 0HMSK3LD54T9R:00000002 - Request GET - /swagger/v1/swagger.json - [Accept, application/json,*/*], [Connection, keep-alive], [Host, localhost:5049], [User-Agent, Mozilla/5.0 (Windows NT 10.0; Win64; x64) AppleWebKit/537.36 (KHTML, like Gecko) Chrome/115.0.0.0 Safari/537.36], [Accept-Encoding, gzip, deflate, br], [Accept-Language, en-US,en;q=0.9,ru;q=0.8], [Cookie, Webstorm-c120af6d=d0b2ac71-03c4-45fb-ab33-ee025a82b480; csrftoken=unqJkvRLOUp1wvu0TnjPS4Srh8M7JBru; lang=en; .AspNetCore.Antiforgery.PNrQmp_XXgg=CfDJ8DEIonLpeWhLlzlUNpoP6UsDqLnmcXtThlJc-34QIWntmsmvGm82fBPiX1oCS78v34h3NvKK18j_PkAhLP7sQQzvpJDaSd0v619aaqUp-ydNFwPJRZcoaONxhpz5hBj-o6SQZ0KvdzUBm3mbooGYDgg], [Referer, http://localhost:5049/swagger/index.html], [sec-ch-ua, "Not/A)Brand";v="99", "Google Chrome";v="115", "Chromium";v="115"], [sec-ch-ua-mobile, ?0], [sec-ch-ua-platform, "Windows"], [Sec-Fetch-Site, same-origin], [Sec-Fetch-Mode, cors], [Sec-Fetch-Dest, empty]
2023-08-03 17:30:01,018 [.NET ThreadPool Worker] INFO  BookStore.Middlewares.Logging.RequestResponseLoggingMiddleware - 0HMSK3LD54T9R:00000002 - Response 200 - 219.596
2023-08-03 17:30:07,243 [.NET ThreadPool Worker] INFO  BookStore.Middlewares.Logging.RequestResponseLoggingMiddleware - 0HMSK3LD54T9S:00000001 - Request GET - /author/list - [Accept, */*], [Connection, keep-alive], [Host, localhost:5049], [User-Agent, Mozilla/5.0 (Windows NT 10.0; Win64; x64) AppleWebKit/537.36 (KHTML, like Gecko) Chrome/115.0.0.0 Safari/537.36], [Accept-Encoding, gzip, deflate, br], [Accept-Language, en-US,en;q=0.9,ru;q=0.8], [Cookie, Webstorm-c120af6d=d0b2ac71-03c4-45fb-ab33-ee025a82b480; csrftoken=unqJkvRLOUp1wvu0TnjPS4Srh8M7JBru; lang=en; .AspNetCore.Antiforgery.PNrQmp_XXgg=CfDJ8DEIonLpeWhLlzlUNpoP6UsDqLnmcXtThlJc-34QIWntmsmvGm82fBPiX1oCS78v34h3NvKK18j_PkAhLP7sQQzvpJDaSd0v619aaqUp-ydNFwPJRZcoaONxhpz5hBj-o6SQZ0KvdzUBm3mbooGYDgg], [Referer, http://localhost:5049/swagger/index.html], [sec-ch-ua, "Not/A)Brand";v="99", "Google Chrome";v="115", "Chromium";v="115"], [sec-ch-ua-mobile, ?0], [sec-ch-ua-platform, "Windows"], [Sec-Fetch-Site, same-origin], [Sec-Fetch-Mode, cors], [Sec-Fetch-Dest, empty]
2023-08-03 17:30:09,995 [.NET ThreadPool Worker] INFO  BookStore.Middlewares.Logging.RequestResponseLoggingMiddleware - 0HMSK3LD54T9S:00000001 - Response 200 - 2733.7779
2023-08-03 17:30:13,974 [.NET ThreadPool Worker] INFO  BookStore.Middlewares.Logging.RequestResponseLoggingMiddleware - 0HMSK3LD54T9T:00000001 - Request GET - /author/list - [Accept, */*], [Connection, keep-alive], [Host, localhost:5049], [User-Agent, Mozilla/5.0 (Windows NT 10.0; Win64; x64) AppleWebKit/537.36 (KHTML, like Gecko) Chrome/115.0.0.0 Safari/537.36], [Accept-Encoding, gzip, deflate, br], [Accept-Language, en-US,en;q=0.9,ru;q=0.8], [Cookie, Webstorm-c120af6d=d0b2ac71-03c4-45fb-ab33-ee025a82b480; csrftoken=unqJkvRLOUp1wvu0TnjPS4Srh8M7JBru; lang=en; .AspNetCore.Antiforgery.PNrQmp_XXgg=CfDJ8DEIonLpeWhLlzlUNpoP6UsDqLnmcXtThlJc-34QIWntmsmvGm82fBPiX1oCS78v34h3NvKK18j_PkAhLP7sQQzvpJDaSd0v619aaqUp-ydNFwPJRZcoaONxhpz5hBj-o6SQZ0KvdzUBm3mbooGYDgg], [Referer, http://localhost:5049/swagger/index.html], [sec-ch-ua, "Not/A)Brand";v="99", "Google Chrome";v="115", "Chromium";v="115"], [sec-ch-ua-mobile, ?0], [sec-ch-ua-platform, "Windows"], [Sec-Fetch-Site, same-origin], [Sec-Fetch-Mode, cors], [Sec-Fetch-Dest, empty]
2023-08-03 17:30:14,039 [.NET ThreadPool Worker] INFO  BookStore.Middlewares.Logging.RequestResponseLoggingMiddleware - 0HMSK3LD54T9T:00000001 - Response 200 - 62.4617
2023-08-03 17:30:23,067 [.NET ThreadPool Worker] INFO  BookStore.Middlewares.Logging.RequestResponseLoggingMiddleware - 0HMSK3LD54T9U:00000001 - Request GET - /author/list - [Accept, */*], [Connection, keep-alive], [Host, localhost:5049], [User-Agent, Mozilla/5.0 (Windows NT 10.0; Win64; x64) AppleWebKit/537.36 (KHTML, like Gecko) Chrome/115.0.0.0 Safari/537.36], [Accept-Encoding, gzip, deflate, br], [Accept-Language, en-US,en;q=0.9,ru;q=0.8], [Cookie, Webstorm-c120af6d=d0b2ac71-03c4-45fb-ab33-ee025a82b480; csrftoken=unqJkvRLOUp1wvu0TnjPS4Srh8M7JBru; lang=en; .AspNetCore.Antiforgery.PNrQmp_XXgg=CfDJ8DEIonLpeWhLlzlUNpoP6UsDqLnmcXtThlJc-34QIWntmsmvGm82fBPiX1oCS78v34h3NvKK18j_PkAhLP7sQQzvpJDaSd0v619aaqUp-ydNFwPJRZcoaONxhpz5hBj-o6SQZ0KvdzUBm3mbooGYDgg], [Referer, http://localhost:5049/swagger/index.html], [sec-ch-ua, "Not/A)Brand";v="99", "Google Chrome";v="115", "Chromium";v="115"], [sec-ch-ua-mobile, ?0], [sec-ch-ua-platform, "Windows"], [Sec-Fetch-Site, same-origin], [Sec-Fetch-Mode, cors], [Sec-Fetch-Dest, empty]
2023-08-03 17:30:23,337 [.NET ThreadPool Worker] INFO  BookStore.Middlewares.Logging.RequestResponseLoggingMiddleware - 0HMSK3LD54T9U:00000001 - Response 200 - 263.912
2023-08-03 17:30:30,505 [.NET ThreadPool Worker] INFO  BookStore.Middlewares.Logging.RequestResponseLoggingMiddleware - 0HMSK3LD54T9U:00000002 - Request GET - /author/list - [Accept, */*], [Connection, keep-alive], [Host, localhost:5049], [User-Agent, Mozilla/5.0 (Windows NT 10.0; Win64; x64) AppleWebKit/537.36 (KHTML, like Gecko) Chrome/115.0.0.0 Safari/537.36], [Accept-Encoding, gzip, deflate, br], [Accept-Language, en-US,en;q=0.9,ru;q=0.8], [Cookie, Webstorm-c120af6d=d0b2ac71-03c4-45fb-ab33-ee025a82b480; csrftoken=unqJkvRLOUp1wvu0TnjPS4Srh8M7JBru; lang=en; .AspNetCore.Antiforgery.PNrQmp_XXgg=CfDJ8DEIonLpeWhLlzlUNpoP6UsDqLnmcXtThlJc-34QIWntmsmvGm82fBPiX1oCS78v34h3NvKK18j_PkAhLP7sQQzvpJDaSd0v619aaqUp-ydNFwPJRZcoaONxhpz5hBj-o6SQZ0KvdzUBm3mbooGYDgg], [Referer, http://localhost:5049/swagger/index.html], [sec-ch-ua, "Not/A)Brand";v="99", "Google Chrome";v="115", "Chromium";v="115"], [sec-ch-ua-mobile, ?0], [sec-ch-ua-platform, "Windows"], [Sec-Fetch-Site, same-origin], [Sec-Fetch-Mode, cors], [Sec-Fetch-Dest, empty]
2023-08-03 17:30:30,522 [.NET ThreadPool Worker] INFO  BookStore.Middlewares.Logging.RequestResponseLoggingMiddleware - 0HMSK3LD54T9U:00000002 - Response 200 - 14.4696
2023-08-03 17:30:35,240 [.NET ThreadPool Worker] INFO  BookStore.Middlewares.Logging.RequestResponseLoggingMiddleware - 0HMSK3LD54T9V:00000001 - Request GET - /author/list - [Accept, */*], [Connection, keep-alive], [Host, localhost:5049], [User-Agent, Mozilla/5.0 (Windows NT 10.0; Win64; x64) AppleWebKit/537.36 (KHTML, like Gecko) Chrome/115.0.0.0 Safari/537.36], [Accept-Encoding, gzip, deflate, br], [Accept-Language, en-US,en;q=0.9,ru;q=0.8], [Cookie, Webstorm-c120af6d=d0b2ac71-03c4-45fb-ab33-ee025a82b480; csrftoken=unqJkvRLOUp1wvu0TnjPS4Srh8M7JBru; lang=en; .AspNetCore.Antiforgery.PNrQmp_XXgg=CfDJ8DEIonLpeWhLlzlUNpoP6UsDqLnmcXtThlJc-34QIWntmsmvGm82fBPiX1oCS78v34h3NvKK18j_PkAhLP7sQQzvpJDaSd0v619aaqUp-ydNFwPJRZcoaONxhpz5hBj-o6SQZ0KvdzUBm3mbooGYDgg], [Referer, http://localhost:5049/swagger/index.html], [sec-ch-ua, "Not/A)Brand";v="99", "Google Chrome";v="115", "Chromium";v="115"], [sec-ch-ua-mobile, ?0], [sec-ch-ua-platform, "Windows"], [Sec-Fetch-Site, same-origin], [Sec-Fetch-Mode, cors], [Sec-Fetch-Dest, empty]
2023-08-03 17:30:35,246 [.NET ThreadPool Worker] INFO  BookStore.Middlewares.Logging.RequestResponseLoggingMiddleware - 0HMSK3LD54T9V:00000001 - Response 200 - 3.9204
2023-08-03 17:30:39,515 [.NET ThreadPool Worker] INFO  BookStore.Middlewares.Logging.RequestResponseLoggingMiddleware - 0HMSK3LD54T9V:00000002 - Request GET - /author/list - [Accept, */*], [Connection, keep-alive], [Host, localhost:5049], [User-Agent, Mozilla/5.0 (Windows NT 10.0; Win64; x64) AppleWebKit/537.36 (KHTML, like Gecko) Chrome/115.0.0.0 Safari/537.36], [Accept-Encoding, gzip, deflate, br], [Accept-Language, en-US,en;q=0.9,ru;q=0.8], [Cookie, Webstorm-c120af6d=d0b2ac71-03c4-45fb-ab33-ee025a82b480; csrftoken=unqJkvRLOUp1wvu0TnjPS4Srh8M7JBru; lang=en; .AspNetCore.Antiforgery.PNrQmp_XXgg=CfDJ8DEIonLpeWhLlzlUNpoP6UsDqLnmcXtThlJc-34QIWntmsmvGm82fBPiX1oCS78v34h3NvKK18j_PkAhLP7sQQzvpJDaSd0v619aaqUp-ydNFwPJRZcoaONxhpz5hBj-o6SQZ0KvdzUBm3mbooGYDgg], [Referer, http://localhost:5049/swagger/index.html], [sec-ch-ua, "Not/A)Brand";v="99", "Google Chrome";v="115", "Chromium";v="115"], [sec-ch-ua-mobile, ?0], [sec-ch-ua-platform, "Windows"], [Sec-Fetch-Site, same-origin], [Sec-Fetch-Mode, cors], [Sec-Fetch-Dest, empty]
2023-08-03 17:30:39,526 [.NET ThreadPool Worker] INFO  BookStore.Middlewares.Logging.RequestResponseLoggingMiddleware - 0HMSK3LD54T9V:00000002 - Response 200 - 5.2232
2023-08-03 17:30:43,007 [.NET ThreadPool Worker] INFO  BookStore.Middlewares.Logging.RequestResponseLoggingMiddleware - 0HMSK3LD54TA0:00000001 - Request GET - /author/list - [Accept, */*], [Connection, keep-alive], [Host, localhost:5049], [User-Agent, Mozilla/5.0 (Windows NT 10.0; Win64; x64) AppleWebKit/537.36 (KHTML, like Gecko) Chrome/115.0.0.0 Safari/537.36], [Accept-Encoding, gzip, deflate, br], [Accept-Language, en-US,en;q=0.9,ru;q=0.8], [Cookie, Webstorm-c120af6d=d0b2ac71-03c4-45fb-ab33-ee025a82b480; csrftoken=unqJkvRLOUp1wvu0TnjPS4Srh8M7JBru; lang=en; .AspNetCore.Antiforgery.PNrQmp_XXgg=CfDJ8DEIonLpeWhLlzlUNpoP6UsDqLnmcXtThlJc-34QIWntmsmvGm82fBPiX1oCS78v34h3NvKK18j_PkAhLP7sQQzvpJDaSd0v619aaqUp-ydNFwPJRZcoaONxhpz5hBj-o6SQZ0KvdzUBm3mbooGYDgg], [Referer, http://localhost:5049/swagger/index.html], [sec-ch-ua, "Not/A)Brand";v="99", "Google Chrome";v="115", "Chromium";v="115"], [sec-ch-ua-mobile, ?0], [sec-ch-ua-platform, "Windows"], [Sec-Fetch-Site, same-origin], [Sec-Fetch-Mode, cors], [Sec-Fetch-Dest, empty]
2023-08-03 17:30:43,017 [.NET ThreadPool Worker] INFO  BookStore.Middlewares.Logging.RequestResponseLoggingMiddleware - 0HMSK3LD54TA0:00000001 - Response 200 - 4.9936
2023-08-03 17:36:16,343 [17] INFO  Microsoft.Hosting.Lifetime - Application is shutting down...
2023-08-03 17:36:25,514 [1] INFO  Microsoft.Hosting.Lifetime - Now listening on: http://localhost:5049
2023-08-03 17:36:25,529 [1] INFO  Microsoft.Hosting.Lifetime - Application started. Press Ctrl+C to shut down.
2023-08-03 17:36:25,530 [1] INFO  Microsoft.Hosting.Lifetime - Hosting environment: Development
2023-08-03 17:36:25,530 [1] INFO  Microsoft.Hosting.Lifetime - Content root path: P:\C#\BookStore\BookStore
2023-08-03 17:36:26,347 [.NET ThreadPool Worker] INFO  BookStore.Middlewares.Logging.RequestResponseLoggingMiddleware - 0HMSK3P0B1C40:00000001 - Request GET - /swagger/index.html - [Accept, text/html,application/xhtml+xml,application/xml;q=0.9,image/avif,image/webp,image/apng,*/*;q=0.8,application/signed-exchange;v=b3;q=0.7], [Connection, keep-alive], [Host, localhost:5049], [User-Agent, Mozilla/5.0 (Windows NT 10.0; Win64; x64) AppleWebKit/537.36 (KHTML, like Gecko) Chrome/115.0.0.0 Safari/537.36], [Accept-Encoding, gzip, deflate, br], [Accept-Language, en-US,en;q=0.9,ru;q=0.8], [Cookie, Webstorm-c120af6d=d0b2ac71-03c4-45fb-ab33-ee025a82b480; csrftoken=unqJkvRLOUp1wvu0TnjPS4Srh8M7JBru; lang=en; .AspNetCore.Antiforgery.PNrQmp_XXgg=CfDJ8DEIonLpeWhLlzlUNpoP6UsDqLnmcXtThlJc-34QIWntmsmvGm82fBPiX1oCS78v34h3NvKK18j_PkAhLP7sQQzvpJDaSd0v619aaqUp-ydNFwPJRZcoaONxhpz5hBj-o6SQZ0KvdzUBm3mbooGYDgg], [Upgrade-Insecure-Requests, 1], [Sec-Fetch-Site, none], [Sec-Fetch-Mode, navigate], [Sec-Fetch-User, ?1], [Sec-Fetch-Dest, document], [sec-ch-ua, "Not/A)Brand";v="99", "Google Chrome";v="115", "Chromium";v="115"], [sec-ch-ua-mobile, ?0], [sec-ch-ua-platform, "Windows"]
2023-08-03 17:36:26,495 [.NET ThreadPool Worker] INFO  BookStore.Middlewares.Logging.RequestResponseLoggingMiddleware - 0HMSK3P0B1C40:00000001 - Response 200 - 147.1431
2023-08-03 17:36:26,664 [.NET ThreadPool Worker] INFO  BookStore.Middlewares.Logging.RequestResponseLoggingMiddleware - 0HMSK3P0B1C40:00000002 - Request GET - /swagger/v1/swagger.json - [Accept, application/json,*/*], [Connection, keep-alive], [Host, localhost:5049], [User-Agent, Mozilla/5.0 (Windows NT 10.0; Win64; x64) AppleWebKit/537.36 (KHTML, like Gecko) Chrome/115.0.0.0 Safari/537.36], [Accept-Encoding, gzip, deflate, br], [Accept-Language, en-US,en;q=0.9,ru;q=0.8], [Cookie, Webstorm-c120af6d=d0b2ac71-03c4-45fb-ab33-ee025a82b480; csrftoken=unqJkvRLOUp1wvu0TnjPS4Srh8M7JBru; lang=en; .AspNetCore.Antiforgery.PNrQmp_XXgg=CfDJ8DEIonLpeWhLlzlUNpoP6UsDqLnmcXtThlJc-34QIWntmsmvGm82fBPiX1oCS78v34h3NvKK18j_PkAhLP7sQQzvpJDaSd0v619aaqUp-ydNFwPJRZcoaONxhpz5hBj-o6SQZ0KvdzUBm3mbooGYDgg], [Referer, http://localhost:5049/swagger/index.html], [sec-ch-ua, "Not/A)Brand";v="99", "Google Chrome";v="115", "Chromium";v="115"], [sec-ch-ua-mobile, ?0], [sec-ch-ua-platform, "Windows"], [Sec-Fetch-Site, same-origin], [Sec-Fetch-Mode, cors], [Sec-Fetch-Dest, empty]
2023-08-03 17:36:27,043 [.NET ThreadPool Worker] INFO  BookStore.Middlewares.Logging.RequestResponseLoggingMiddleware - 0HMSK3P0B1C40:00000002 - Response 200 - 372.1452
2023-08-03 17:36:31,739 [.NET ThreadPool Worker] INFO  BookStore.Middlewares.Logging.RequestResponseLoggingMiddleware - 0HMSK3P0B1C40:00000003 - Request GET - /author/list - [Accept, */*], [Connection, keep-alive], [Host, localhost:5049], [User-Agent, Mozilla/5.0 (Windows NT 10.0; Win64; x64) AppleWebKit/537.36 (KHTML, like Gecko) Chrome/115.0.0.0 Safari/537.36], [Accept-Encoding, gzip, deflate, br], [Accept-Language, en-US,en;q=0.9,ru;q=0.8], [Cookie, Webstorm-c120af6d=d0b2ac71-03c4-45fb-ab33-ee025a82b480; csrftoken=unqJkvRLOUp1wvu0TnjPS4Srh8M7JBru; lang=en; .AspNetCore.Antiforgery.PNrQmp_XXgg=CfDJ8DEIonLpeWhLlzlUNpoP6UsDqLnmcXtThlJc-34QIWntmsmvGm82fBPiX1oCS78v34h3NvKK18j_PkAhLP7sQQzvpJDaSd0v619aaqUp-ydNFwPJRZcoaONxhpz5hBj-o6SQZ0KvdzUBm3mbooGYDgg], [Referer, http://localhost:5049/swagger/index.html], [sec-ch-ua, "Not/A)Brand";v="99", "Google Chrome";v="115", "Chromium";v="115"], [sec-ch-ua-mobile, ?0], [sec-ch-ua-platform, "Windows"], [Sec-Fetch-Site, same-origin], [Sec-Fetch-Mode, cors], [Sec-Fetch-Dest, empty]
2023-08-03 17:36:32,283 [.NET ThreadPool Worker] ERROR BookStore.Controllers.AuthorController - 0HMSK3P0B1C40:00000003 - GetAllAuthorsAsync() - ErrorMessage Exception of type 'System.Exception' was thrown.
2023-08-03 17:36:32,333 [.NET ThreadPool Worker] INFO  BookStore.Middlewares.Logging.RequestResponseLoggingMiddleware - 0HMSK3P0B1C40:00000003 - Response 200 - 590.5177
2023-08-03 18:15:52,228 [39] INFO  Microsoft.Hosting.Lifetime - Application is shutting down...
2023-08-03 18:16:56,845 [1] INFO  Microsoft.Hosting.Lifetime - Now listening on: http://localhost:5049
2023-08-03 18:16:56,857 [1] INFO  Microsoft.Hosting.Lifetime - Application started. Press Ctrl+C to shut down.
2023-08-03 18:16:56,857 [1] INFO  Microsoft.Hosting.Lifetime - Hosting environment: Development
2023-08-03 18:16:56,857 [1] INFO  Microsoft.Hosting.Lifetime - Content root path: P:\C#\BookStore\BookStore
2023-08-03 18:16:57,639 [.NET ThreadPool Worker] INFO  BookStore.Middlewares.Logging.RequestResponseLoggingMiddleware - REQUEST INFO: 0HMSK4FKT2I12:00000001 - http - localhost:5049 - /swagger/index.html - ::1 -  - 
2023-08-03 18:17:11,495 [.NET ThreadPool Worker] INFO  BookStore.Middlewares.Logging.RequestResponseLoggingMiddleware - REQUEST INFO: 0HMSK4FKT2I13:00000001 - http - localhost:5049 - /swagger/index.html - ::1 -  - 
2023-08-03 18:17:12,044 [.NET ThreadPool Worker] INFO  BookStore.Middlewares.Logging.RequestResponseLoggingMiddleware - REQUEST INFO: 0HMSK4FKT2I15:00000001 - http - localhost:5049 - /swagger/index.html - ::1 -  - 
2023-08-03 18:17:12,280 [.NET ThreadPool Worker] INFO  BookStore.Middlewares.Logging.RequestResponseLoggingMiddleware - REQUEST INFO: 0HMSK4FKT2I16:00000001 - http - localhost:5049 - /swagger/index.html - ::1 -  - 
2023-08-03 18:17:12,468 [.NET ThreadPool Worker] INFO  BookStore.Middlewares.Logging.RequestResponseLoggingMiddleware - REQUEST INFO: 0HMSK4FKT2I17:00000001 - http - localhost:5049 - /swagger/index.html - ::1 -  - 
2023-08-03 18:17:12,653 [.NET ThreadPool Worker] INFO  BookStore.Middlewares.Logging.RequestResponseLoggingMiddleware - REQUEST INFO: 0HMSK4FKT2I18:00000001 - http - localhost:5049 - /swagger/index.html - ::1 -  - 
2023-08-03 18:17:12,855 [.NET ThreadPool Worker] INFO  BookStore.Middlewares.Logging.RequestResponseLoggingMiddleware - REQUEST INFO: 0HMSK4FKT2I19:00000001 - http - localhost:5049 - /swagger/index.html - ::1 -  - 
2023-08-03 18:17:28,048 [.NET ThreadPool Worker] INFO  BookStore.Middlewares.Logging.RequestResponseLoggingMiddleware - REQUEST INFO: 0HMSK4FKT2I1B:00000001 - http - localhost:5049 - /swagger/index.html - ::1 -  - 
2023-08-03 18:19:27,641 [19] INFO  Microsoft.Hosting.Lifetime - Application is shutting down...
2023-08-03 18:19:32,199 [1] INFO  Microsoft.Hosting.Lifetime - Now listening on: http://localhost:5049
2023-08-03 18:19:32,209 [1] INFO  Microsoft.Hosting.Lifetime - Application started. Press Ctrl+C to shut down.
2023-08-03 18:19:32,210 [1] INFO  Microsoft.Hosting.Lifetime - Hosting environment: Development
2023-08-03 18:19:32,210 [1] INFO  Microsoft.Hosting.Lifetime - Content root path: P:\C#\BookStore\BookStore
2023-08-03 18:19:32,493 [.NET ThreadPool Worker] INFO  BookStore.Middlewares.Logging.RequestResponseLoggingMiddleware - REQUEST INFO: 0HMSK4H35A283:00000001 - http - localhost:5049 - /swagger/index.html - ::1 -  - 
2023-08-03 18:19:37,227 [.NET ThreadPool Worker] INFO  BookStore.Middlewares.Logging.RequestResponseLoggingMiddleware - REQUEST INFO: 0HMSK4H35A285:00000001 - http - localhost:5049 - /swagger/index.html - ::1 -  - 
2023-08-03 18:22:37,255 [14] INFO  Microsoft.Hosting.Lifetime - Application is shutting down...
2023-08-03 18:22:44,017 [1] INFO  Microsoft.Hosting.Lifetime - Now listening on: http://localhost:5049
2023-08-03 18:22:44,028 [1] INFO  Microsoft.Hosting.Lifetime - Application started. Press Ctrl+C to shut down.
2023-08-03 18:22:44,028 [1] INFO  Microsoft.Hosting.Lifetime - Hosting environment: Development
2023-08-03 18:22:44,028 [1] INFO  Microsoft.Hosting.Lifetime - Content root path: P:\C#\BookStore\BookStore
2023-08-03 18:22:44,260 [.NET ThreadPool Worker] INFO  BookStore.Middlewares.Logging.RequestResponseLoggingMiddleware - REQUEST INFO: 0HMSK4ISAEIBT:00000001 - http - localhost:5049 - /swagger/index.html - ::1 -  - 
2023-08-03 18:22:45,642 [.NET ThreadPool Worker] INFO  BookStore.Middlewares.Logging.RequestResponseLoggingMiddleware - REQUEST INFO: 0HMSK4ISAEIBU:00000001 - http - localhost:5049 - /swagger/index.html - ::1 -  - 
2023-08-03 18:23:28,796 [3] INFO  Microsoft.Hosting.Lifetime - Application is shutting down...
2023-08-03 18:23:37,895 [1] INFO  Microsoft.Hosting.Lifetime - Now listening on: http://localhost:5049
2023-08-03 18:23:37,914 [1] INFO  Microsoft.Hosting.Lifetime - Application started. Press Ctrl+C to shut down.
2023-08-03 18:23:37,915 [1] INFO  Microsoft.Hosting.Lifetime - Hosting environment: Development
2023-08-03 18:23:37,915 [1] INFO  Microsoft.Hosting.Lifetime - Content root path: P:\C#\BookStore\BookStore
2023-08-03 18:23:57,903 [.NET ThreadPool Worker] INFO  BookStore.Middlewares.Logging.RequestResponseLoggingMiddleware - REQUEST INFO: 0HMSK4JCDV70V:00000001 - http - localhost:5049 - /swagger/index.html - ::1 -  - 
2023-08-03 18:28:30,316 [1] INFO  Microsoft.Hosting.Lifetime - Now listening on: http://localhost:5049
2023-08-03 18:28:30,327 [1] INFO  Microsoft.Hosting.Lifetime - Application started. Press Ctrl+C to shut down.
2023-08-03 18:28:30,328 [1] INFO  Microsoft.Hosting.Lifetime - Hosting environment: Development
2023-08-03 18:28:30,328 [1] INFO  Microsoft.Hosting.Lifetime - Content root path: P:\C#\BookStore\BookStore
2023-08-03 18:28:30,951 [.NET ThreadPool Worker] INFO  BookStore.Middlewares.Logging.RequestResponseLoggingMiddleware - REQUEST INFO: 0HMSK4M3KD3MJ:00000001 - http - localhost:5049 - /swagger/index.html - ::1 -  - 
2023-08-03 18:29:29,552 [15] INFO  Microsoft.Hosting.Lifetime - Application is shutting down...
2023-08-03 18:29:36,123 [1] INFO  Microsoft.Hosting.Lifetime - Now listening on: http://localhost:5049
2023-08-03 18:29:36,134 [1] INFO  Microsoft.Hosting.Lifetime - Application started. Press Ctrl+C to shut down.
2023-08-03 18:29:36,135 [1] INFO  Microsoft.Hosting.Lifetime - Hosting environment: Development
2023-08-03 18:29:36,135 [1] INFO  Microsoft.Hosting.Lifetime - Content root path: P:\C#\BookStore\BookStore
2023-08-03 18:29:36,467 [.NET ThreadPool Worker] INFO  BookStore.Middlewares.Logging.RequestResponseLoggingMiddleware - REQUEST INFO: 0HMSK4MN55EQG:00000001 - http - localhost:5049 - /swagger/index.html - ::1 -  - 
2023-08-03 18:29:37,910 [.NET ThreadPool Worker] INFO  BookStore.Middlewares.Logging.RequestResponseLoggingMiddleware - REQUEST INFO: 0HMSK4MN55EQI:00000001 - http - localhost:5049 - /swagger/index.html - ::1 -  - 
2023-08-03 18:31:34,838 [15] INFO  Microsoft.Hosting.Lifetime - Application is shutting down...
2023-08-03 18:31:41,637 [1] INFO  Microsoft.Hosting.Lifetime - Now listening on: http://localhost:5049
2023-08-03 18:31:41,648 [1] INFO  Microsoft.Hosting.Lifetime - Application started. Press Ctrl+C to shut down.
2023-08-03 18:31:41,648 [1] INFO  Microsoft.Hosting.Lifetime - Hosting environment: Development
2023-08-03 18:31:41,649 [1] INFO  Microsoft.Hosting.Lifetime - Content root path: P:\C#\BookStore\BookStore
2023-08-03 18:31:41,905 [.NET ThreadPool Worker] INFO  BookStore.Middlewares.Logging.RequestResponseLoggingMiddleware - REQUEST INFO: 0HMSK4NSHKS9Q:00000001 - http - localhost:5049 - /swagger/index.html - ::1 -  - 
2023-08-03 18:32:04,859 [.NET ThreadPool Worker] INFO  BookStore.Middlewares.Logging.RequestResponseLoggingMiddleware - REQUEST INFO: 0HMSK4NSHKS9S:00000001 - http - localhost:5049 - /swagger/index.html - ::1 -  - 
2023-08-03 18:32:22,401 [13] INFO  Microsoft.Hosting.Lifetime - Application is shutting down...
2023-08-03 18:32:29,095 [1] INFO  Microsoft.Hosting.Lifetime - Now listening on: http://localhost:5049
2023-08-03 18:32:29,106 [1] INFO  Microsoft.Hosting.Lifetime - Application started. Press Ctrl+C to shut down.
2023-08-03 18:32:29,107 [1] INFO  Microsoft.Hosting.Lifetime - Hosting environment: Development
2023-08-03 18:32:29,107 [1] INFO  Microsoft.Hosting.Lifetime - Content root path: P:\C#\BookStore\BookStore
2023-08-03 18:32:29,342 [.NET ThreadPool Worker] INFO  BookStore.Middlewares.Logging.RequestResponseLoggingMiddleware - REQUEST INFO: 0HMSK4OALUEOK:00000001 - http - localhost:5049 - /swagger/index.html - ::1 -  - 
2023-08-03 18:32:29,597 [.NET ThreadPool Worker] INFO  BookStore.Middlewares.Logging.RequestResponseLoggingMiddleware - REQUEST INFO: 0HMSK4OALUEOK:00000002 - http - localhost:5049 - /swagger/v1/swagger.json - ::1 -  - 
2023-08-03 18:32:29,618 [.NET ThreadPool Worker] INFO  BookStore.Middlewares.Logging.RequestResponseLoggingMiddleware - REQUEST INFO: 0HMSK4OALUEOJ:00000001 - http - localhost:5049 - /swagger/favicon-32x32.png - ::1 -  - 
2023-08-03 18:34:04,788 [14] INFO  Microsoft.Hosting.Lifetime - Application is shutting down...
2023-08-03 18:34:09,312 [1] INFO  Microsoft.Hosting.Lifetime - Now listening on: http://localhost:5049
2023-08-03 18:34:09,322 [1] INFO  Microsoft.Hosting.Lifetime - Application started. Press Ctrl+C to shut down.
2023-08-03 18:34:09,323 [1] INFO  Microsoft.Hosting.Lifetime - Hosting environment: Development
2023-08-03 18:34:09,323 [1] INFO  Microsoft.Hosting.Lifetime - Content root path: P:\C#\BookStore\BookStore
2023-08-03 18:34:09,612 [.NET ThreadPool Worker] INFO  BookStore.Middlewares.Logging.RequestResponseLoggingMiddleware - REQUEST INFO: 0HMSK4P8I51FG:00000001 - http - localhost:5049 - /swagger/index.html - ::1 -  - 
2023-08-03 18:34:09,831 [.NET ThreadPool Worker] INFO  BookStore.Middlewares.Logging.RequestResponseLoggingMiddleware - REQUEST INFO: 0HMSK4P8I51FG:00000002 - http - localhost:5049 - /swagger/v1/swagger.json - ::1 -  - 
2023-08-03 18:36:04,887 [14] INFO  Microsoft.Hosting.Lifetime - Application is shutting down...
2023-08-03 18:36:09,531 [1] INFO  Microsoft.Hosting.Lifetime - Now listening on: http://localhost:5049
2023-08-03 18:36:09,542 [1] INFO  Microsoft.Hosting.Lifetime - Application started. Press Ctrl+C to shut down.
2023-08-03 18:36:09,542 [1] INFO  Microsoft.Hosting.Lifetime - Hosting environment: Development
2023-08-03 18:36:09,542 [1] INFO  Microsoft.Hosting.Lifetime - Content root path: P:\C#\BookStore\BookStore
2023-08-03 18:36:10,171 [.NET ThreadPool Worker] INFO  BookStore.Middlewares.Logging.RequestResponseLoggingMiddleware - REQUEST INFO: 0HMSK4QCG0QH1:00000001 - http - localhost:5049 - /swagger/index.html - ::1 -  - 
2023-08-03 18:36:11,580 [.NET ThreadPool Worker] INFO  BookStore.Middlewares.Logging.RequestResponseLoggingMiddleware - REQUEST INFO: 0HMSK4QCG0QH0:00000001 - http - localhost:5049 - /swagger/index.html - ::1 -  - 
2023-08-03 18:36:20,151 [12] INFO  Microsoft.Hosting.Lifetime - Application is shutting down...
2023-08-03 18:36:26,274 [1] INFO  Microsoft.Hosting.Lifetime - Now listening on: http://localhost:5049
2023-08-03 18:36:26,281 [11] INFO  Microsoft.Hosting.Lifetime - Application is shutting down...
2023-08-03 18:36:26,287 [1] INFO  Microsoft.Hosting.Lifetime - Application started. Press Ctrl+C to shut down.
2023-08-03 18:36:26,288 [1] INFO  Microsoft.Hosting.Lifetime - Hosting environment: Development
2023-08-03 18:36:26,288 [1] INFO  Microsoft.Hosting.Lifetime - Content root path: P:\C#\BookStore\BookStore
2023-08-03 18:36:33,584 [1] INFO  Microsoft.Hosting.Lifetime - Now listening on: http://localhost:5049
2023-08-03 18:36:33,604 [1] INFO  Microsoft.Hosting.Lifetime - Application started. Press Ctrl+C to shut down.
2023-08-03 18:36:33,605 [1] INFO  Microsoft.Hosting.Lifetime - Hosting environment: Development
2023-08-03 18:36:33,605 [1] INFO  Microsoft.Hosting.Lifetime - Content root path: P:\C#\BookStore\BookStore
2023-08-03 18:36:55,423 [.NET ThreadPool Worker] INFO  BookStore.Middlewares.Logging.RequestResponseLoggingMiddleware - REQUEST INFO: 0HMSK4QJL0GDM:00000001 - http - localhost:5049 - /swagger/index.html - ::1 -  - 
2023-08-03 18:40:39,807 [1] INFO  Microsoft.Hosting.Lifetime - Now listening on: http://localhost:5049
2023-08-03 18:40:39,822 [1] INFO  Microsoft.Hosting.Lifetime - Application started. Press Ctrl+C to shut down.
2023-08-03 18:40:39,823 [1] INFO  Microsoft.Hosting.Lifetime - Hosting environment: Development
2023-08-03 18:40:39,823 [1] INFO  Microsoft.Hosting.Lifetime - Content root path: P:\C#\BookStore\BookStore
2023-08-03 18:40:40,123 [.NET ThreadPool Worker] INFO  BookStore.Middlewares.Logging.RequestResponseLoggingMiddleware - REQUEST INFO: 0HMSK4SSUDUNV:00000001 - http - localhost:5049 - /swagger/index.html - ::1 -  - 
2023-08-03 18:40:54,288 [3] INFO  Microsoft.Hosting.Lifetime - Application is shutting down...
